[ 2017-01-12T08:23:11+08:00 ] 127.0.0.1 /index.php?m=admin&c=login&a=check
INFO: [ app_begin ] --START--
INFO: Run Behavior\ReadHtmlCacheBehavior [ RunTime:0.000626s ]
INFO: [ app_begin ] --END-- [ RunTime:0.001315s ]
SQL: SHOW COLUMNS FROM `cms_admin` [ RunTime:0.0859s ]
SQL: SELECT * FROM `cms_admin` WHERE ( username="admin" ) LIMIT 1   [ RunTime:0.0027s ]

[ 2017-01-12T09:15:53+08:00 ] 127.0.0.1 /admin.php?c=positioncontent&a=add
ERR: Think\Model:getNormalPositions方法不存在！

[ 2017-01-12T09:16:22+08:00 ] 127.0.0.1 /admin.php?c=positioncontent&a=add
ERR: Think\Model:getBarPositions方法不存在！

[ 2017-01-12T10:09:42+08:00 ] 127.0.0.1 /admin.php?c=positioncontent&a=add
INFO: [ app_begin ] --START--
INFO: Run Behavior\ReadHtmlCacheBehavior [ RunTime:0.000796s ]
INFO: [ app_begin ] --END-- [ RunTime:0.001491s ]
SQL: SHOW COLUMNS FROM `cms_position_content` [ RunTime:0.0005s ]
NOTIC: [8] Undefined index: create_time C:\wamp\www\news\Application\Common\Model\PositionContentModel.class.php 第 20 行.
SQL: INSERT INTO `cms_position_content` (`title`,`position_id`,`thumb`,`url`,`news_id`,`status`,`create_time`) VALUES ('aaa','2','/upload/2017/01/12/5876e563e2bde.png','http://club.autohome.com.cn/bbs/forum-c-3556-1.html','0','1','1484186982') [ RunTime:0.0850s ]

[ 2017-01-12T10:10:46+08:00 ] 127.0.0.1 /admin.php?c=positioncontent&a=add
INFO: [ app_begin ] --START--
INFO: Run Behavior\ReadHtmlCacheBehavior [ RunTime:0.000864s ]
INFO: [ app_begin ] --END-- [ RunTime:0.001617s ]

[ 2017-01-12T10:10:50+08:00 ] 127.0.0.1 /admin.php?c=positioncontent&a=add
INFO: [ app_begin ] --START--
INFO: Run Behavior\ReadHtmlCacheBehavior [ RunTime:0.000815s ]
INFO: [ app_begin ] --END-- [ RunTime:0.001603s ]

[ 2017-01-12T10:10:58+08:00 ] 127.0.0.1 /admin.php?c=positioncontent&a=add
INFO: [ app_begin ] --START--
INFO: Run Behavior\ReadHtmlCacheBehavior [ RunTime:0.000920s ]
INFO: [ app_begin ] --END-- [ RunTime:0.001703s ]
NOTIC: [2048] Declaration of Common\Model\NewsModel::find() should be compatible with Think\Model::find($options = Array) C:\wamp\www\news\Application\Common\Model\NewsModel.class.php 第 8 行.
SQL: SHOW COLUMNS FROM `cms_news` [ RunTime:0.0799s ]
SQL: SELECT * FROM `cms_news` WHERE ( news_id=18 ) LIMIT 1   [ RunTime:0.0004s ]
SQL: SHOW COLUMNS FROM `cms_position_content` [ RunTime:0.0009s ]
NOTIC: [8] Undefined index: create_time C:\wamp\www\news\Application\Common\Model\PositionContentModel.class.php 第 20 行.
SQL: INSERT INTO `cms_position_content` (`title`,`position_id`,`thumb`,`url`,`news_id`,`status`,`create_time`) VALUES ('ccc','2','/upload/2016/03/06/56dbdc015e662.JPG','','18','1','1484187058') [ RunTime:0.0004s ]

[ 2017-01-12T10:11:12+08:00 ] 127.0.0.1 /admin.php?c=positioncontent&a=add
INFO: [ app_begin ] --START--
INFO: Run Behavior\ReadHtmlCacheBehavior [ RunTime:0.000839s ]
INFO: [ app_begin ] --END-- [ RunTime:0.001557s ]

[ 2017-01-12T13:45:49+08:00 ] 127.0.0.1 /admin.php?c=positioncontent&a=add
INFO: [ app_begin ] --START--
INFO: Run Behavior\ReadHtmlCacheBehavior [ RunTime:0.000943s ]
INFO: [ app_begin ] --END-- [ RunTime:0.001953s ]

[ 2017-01-12T13:45:56+08:00 ] 127.0.0.1 /admin.php?c=positioncontent&a=add
INFO: [ app_begin ] --START--
INFO: Run Behavior\ReadHtmlCacheBehavior [ RunTime:0.000854s ]
INFO: [ app_begin ] --END-- [ RunTime:0.001546s ]
NOTIC: [2048] Declaration of Common\Model\PositionContentModel::find() should be compatible with Think\Model::find($options = Array) C:\wamp\www\news\Application\Common\Model\PositionContentModel.class.php 第 9 行.
SQL: SHOW COLUMNS FROM `cms_position_content` [ RunTime:0.0006s ]
NOTIC: [8] Undefined index: create_time C:\wamp\www\news\Application\Common\Model\PositionContentModel.class.php 第 20 行.
SQL: INSERT INTO `cms_position_content` (`title`,`position_id`,`thumb`,`url`,`news_id`,`status`,`create_time`) VALUES ('ccc','2','/upload/2017/01/12/5877180c9ccd6.png','11','0','1','1484199956') [ RunTime:0.0134s ]

[ 2017-01-12T14:05:22+08:00 ] 127.0.0.1 /admin.php?c=positioncontent&a=edit&id=37
ERR: XML标签语法错误 : condition="{[$vo.news_id]}""

[ 2017-01-12T14:05:51+08:00 ] 127.0.0.1 /admin.php?c=positioncontent&a=edit&id=37
ERR: XML标签语法错误 : condition="$vo.news_id""

[ 2017-01-12T14:05:52+08:00 ] 127.0.0.1 /admin.php?c=positioncontent&a=edit&id=37
ERR: XML标签语法错误 : condition="$vo.news_id""

[ 2017-01-12T14:16:20+08:00 ] 127.0.0.1 /admin.php?c=positioncontent&a=add
INFO: [ app_begin ] --START--
INFO: Run Behavior\ReadHtmlCacheBehavior [ RunTime:0.000720s ]
INFO: [ app_begin ] --END-- [ RunTime:0.001475s ]
INFO: [ view_parse ] --START--
INFO: [ template_filter ] --START--
INFO: Run Behavior\ContentReplaceBehavior [ RunTime:0.000256s ]
INFO: [ template_filter ] --END-- [ RunTime:0.000764s ]
NOTIC: [2048] Declaration of Common\Model\MenuModel::find() should be compatible with Think\Model::find($options = Array) C:\wamp\www\news\Application\Common\Model\MenuModel.class.php 第 5 行.
SQL: SHOW COLUMNS FROM `cms_menu` [ RunTime:0.0005s ]
SQL: SELECT * FROM `cms_menu` WHERE `status` <> -1 AND `type` = 1 ORDER BY listorder desc, menu_id desc  [ RunTime:0.0048s ]
NOTIC: [8] Undefined index: a C:\wamp\www\news\Application\Common\Common\function.php 第 36 行.
NOTIC: [8] Undefined index: a C:\wamp\www\news\Application\Common\Common\function.php 第 36 行.
NOTIC: [8] Undefined index: a C:\wamp\www\news\Application\Common\Common\function.php 第 36 行.
NOTIC: [8] Undefined index: a C:\wamp\www\news\Application\Common\Common\function.php 第 36 行.
NOTIC: [8] Undefined index: a C:\wamp\www\news\Application\Common\Common\function.php 第 36 行.
NOTIC: [8] Undefined index: a C:\wamp\www\news\Application\Common\Common\function.php 第 36 行.
NOTIC: [8] Undefined variable: positions C:\wamp\www\news\Application\Runtime\Cache\Admin\a0acd2c98b414356b1a56e5b9b38ae10.php 第 118 行.
INFO: Run Behavior\ParseTemplateBehavior [ RunTime:0.133223s ]
INFO: [ view_parse ] --END-- [ RunTime:0.133701s ]
INFO: [ view_filter ] --START--
INFO: Run Behavior\WriteHtmlCacheBehavior [ RunTime:0.000745s ]
INFO: [ view_filter ] --END-- [ RunTime:0.001181s ]
INFO: [ app_end ] --START--
INFO: Run Behavior\ShowPageTraceBehavior [ RunTime:0.000660s ]
INFO: [ app_end ] --END-- [ RunTime:0.001104s ]

[ 2017-01-12T14:16:28+08:00 ] 127.0.0.1 /admin.php?c=positioncontent&a=add
INFO: [ app_begin ] --START--
INFO: Run Behavior\ReadHtmlCacheBehavior [ RunTime:0.000949s ]
INFO: [ app_begin ] --END-- [ RunTime:0.001881s ]
INFO: [ view_parse ] --START--
INFO: [ template_filter ] --START--
INFO: Run Behavior\ContentReplaceBehavior [ RunTime:0.000268s ]
INFO: [ template_filter ] --END-- [ RunTime:0.000720s ]
NOTIC: [2048] Declaration of Common\Model\MenuModel::find() should be compatible with Think\Model::find($options = Array) C:\wamp\www\news\Application\Common\Model\MenuModel.class.php 第 5 行.
SQL: SHOW COLUMNS FROM `cms_menu` [ RunTime:0.0008s ]
SQL: SELECT * FROM `cms_menu` WHERE `status` <> -1 AND `type` = 1 ORDER BY listorder desc, menu_id desc  [ RunTime:0.0005s ]
NOTIC: [8] Undefined index: a C:\wamp\www\news\Application\Common\Common\function.php 第 36 行.
NOTIC: [8] Undefined index: a C:\wamp\www\news\Application\Common\Common\function.php 第 36 行.
NOTIC: [8] Undefined index: a C:\wamp\www\news\Application\Common\Common\function.php 第 36 行.
NOTIC: [8] Undefined index: a C:\wamp\www\news\Application\Common\Common\function.php 第 36 行.
NOTIC: [8] Undefined index: a C:\wamp\www\news\Application\Common\Common\function.php 第 36 行.
NOTIC: [8] Undefined index: a C:\wamp\www\news\Application\Common\Common\function.php 第 36 行.
NOTIC: [8] Undefined variable: positions C:\wamp\www\news\Application\Runtime\Cache\Admin\a0acd2c98b414356b1a56e5b9b38ae10.php 第 118 行.
INFO: Run Behavior\ParseTemplateBehavior [ RunTime:0.244882s ]
INFO: [ view_parse ] --END-- [ RunTime:0.245463s ]
INFO: [ view_filter ] --START--
INFO: Run Behavior\WriteHtmlCacheBehavior [ RunTime:0.000872s ]
INFO: [ view_filter ] --END-- [ RunTime:0.001283s ]
INFO: [ app_end ] --START--
INFO: Run Behavior\ShowPageTraceBehavior [ RunTime:0.000804s ]
INFO: [ app_end ] --END-- [ RunTime:0.001219s ]

[ 2017-01-12T14:16:29+08:00 ] 127.0.0.1 /admin.php?c=positioncontent&a=add
INFO: [ app_begin ] --START--
INFO: Run Behavior\ReadHtmlCacheBehavior [ RunTime:0.000946s ]
INFO: [ app_begin ] --END-- [ RunTime:0.001743s ]
INFO: [ view_parse ] --START--
INFO: [ template_filter ] --START--
INFO: Run Behavior\ContentReplaceBehavior [ RunTime:0.000253s ]
INFO: [ template_filter ] --END-- [ RunTime:0.000682s ]
NOTIC: [2048] Declaration of Common\Model\MenuModel::find() should be compatible with Think\Model::find($options = Array) C:\wamp\www\news\Application\Common\Model\MenuModel.class.php 第 5 行.
SQL: SHOW COLUMNS FROM `cms_menu` [ RunTime:0.0006s ]
SQL: SELECT * FROM `cms_menu` WHERE `status` <> -1 AND `type` = 1 ORDER BY listorder desc, menu_id desc  [ RunTime:0.0003s ]
NOTIC: [8] Undefined index: a C:\wamp\www\news\Application\Common\Common\function.php 第 36 行.
NOTIC: [8] Undefined index: a C:\wamp\www\news\Application\Common\Common\function.php 第 36 行.
NOTIC: [8] Undefined index: a C:\wamp\www\news\Application\Common\Common\function.php 第 36 行.
NOTIC: [8] Undefined index: a C:\wamp\www\news\Application\Common\Common\function.php 第 36 行.
NOTIC: [8] Undefined index: a C:\wamp\www\news\Application\Common\Common\function.php 第 36 行.
NOTIC: [8] Undefined index: a C:\wamp\www\news\Application\Common\Common\function.php 第 36 行.
NOTIC: [8] Undefined variable: positions C:\wamp\www\news\Application\Runtime\Cache\Admin\a0acd2c98b414356b1a56e5b9b38ae10.php 第 118 行.
INFO: Run Behavior\ParseTemplateBehavior [ RunTime:0.050177s ]
INFO: [ view_parse ] --END-- [ RunTime:0.050635s ]
INFO: [ view_filter ] --START--
INFO: Run Behavior\WriteHtmlCacheBehavior [ RunTime:0.000909s ]
INFO: [ view_filter ] --END-- [ RunTime:0.001381s ]
INFO: [ app_end ] --START--
INFO: Run Behavior\ShowPageTraceBehavior [ RunTime:0.000948s ]
INFO: [ app_end ] --END-- [ RunTime:0.001426s ]

[ 2017-01-12T14:16:29+08:00 ] 127.0.0.1 /admin.php?c=positioncontent&a=add
INFO: [ app_begin ] --START--
INFO: Run Behavior\ReadHtmlCacheBehavior [ RunTime:0.000858s ]
INFO: [ app_begin ] --END-- [ RunTime:0.001618s ]
INFO: [ view_parse ] --START--
INFO: [ template_filter ] --START--
INFO: Run Behavior\ContentReplaceBehavior [ RunTime:0.000277s ]
INFO: [ template_filter ] --END-- [ RunTime:0.000710s ]
NOTIC: [2048] Declaration of Common\Model\MenuModel::find() should be compatible with Think\Model::find($options = Array) C:\wamp\www\news\Application\Common\Model\MenuModel.class.php 第 5 行.
SQL: SHOW COLUMNS FROM `cms_menu` [ RunTime:0.0212s ]
SQL: SELECT * FROM `cms_menu` WHERE `status` <> -1 AND `type` = 1 ORDER BY listorder desc, menu_id desc  [ RunTime:0.0004s ]
NOTIC: [8] Undefined index: a C:\wamp\www\news\Application\Common\Common\function.php 第 36 行.
NOTIC: [8] Undefined index: a C:\wamp\www\news\Application\Common\Common\function.php 第 36 行.
NOTIC: [8] Undefined index: a C:\wamp\www\news\Application\Common\Common\function.php 第 36 行.
NOTIC: [8] Undefined index: a C:\wamp\www\news\Application\Common\Common\function.php 第 36 行.
NOTIC: [8] Undefined index: a C:\wamp\www\news\Application\Common\Common\function.php 第 36 行.
NOTIC: [8] Undefined index: a C:\wamp\www\news\Application\Common\Common\function.php 第 36 行.
NOTIC: [8] Undefined variable: positions C:\wamp\www\news\Application\Runtime\Cache\Admin\a0acd2c98b414356b1a56e5b9b38ae10.php 第 118 行.
INFO: Run Behavior\ParseTemplateBehavior [ RunTime:0.062045s ]
INFO: [ view_parse ] --END-- [ RunTime:0.062477s ]
INFO: [ view_filter ] --START--
INFO: Run Behavior\WriteHtmlCacheBehavior [ RunTime:0.000859s ]
INFO: [ view_filter ] --END-- [ RunTime:0.001308s ]
INFO: [ app_end ] --START--
INFO: Run Behavior\ShowPageTraceBehavior [ RunTime:0.000837s ]
INFO: [ app_end ] --END-- [ RunTime:0.001291s ]

[ 2017-01-12T14:51:12+08:00 ] 127.0.0.1 /admin.php?c=positioncontent&a=add
INFO: [ app_begin ] --START--
INFO: Run Behavior\ReadHtmlCacheBehavior [ RunTime:0.000629s ]
INFO: [ app_begin ] --END-- [ RunTime:0.001287s ]
NOTIC: [2048] Declaration of Common\Model\PositionContentModel::find() should be compatible with Think\Model::find($options = Array) C:\wamp\www\news\Application\Common\Model\PositionContentModel.class.php 第 9 行.
SQL: SHOW COLUMNS FROM `cms_position_content` [ RunTime:0.0006s ]
NOTIC: [8] Undefined index: create_time C:\wamp\www\news\Application\Common\Model\PositionContentModel.class.php 第 20 行.
SQL: INSERT INTO `cms_position_content` (`title`,`position_id`,`thumb`,`url`,`news_id`,`status`,`create_time`) VALUES ('ccc','2','/upload/2017/01/12/5877180c9ccd6.png','11','0','0','1484203872') [ RunTime:0.0004s ]

[ 2017-01-12T15:03:08+08:00 ] 127.0.0.1 /admin.php?c=positioncontent&a=add
INFO: [ app_begin ] --START--
INFO: Run Behavior\ReadHtmlCacheBehavior [ RunTime:0.000682s ]
INFO: [ app_begin ] --END-- [ RunTime:0.002340s ]
NOTIC: [8] Undefined index: id C:\wamp\www\news\Application\Admin\Controller\PositioncontentController.class.php 第 47 行.
NOTIC: [2048] Declaration of Common\Model\PositionContentModel::find() should be compatible with Think\Model::find($options = Array) C:\wamp\www\news\Application\Common\Model\PositionContentModel.class.php 第 9 行.
SQL: SHOW COLUMNS FROM `cms_position_content` [ RunTime:0.0008s ]
NOTIC: [8] Undefined index: create_time C:\wamp\www\news\Application\Common\Model\PositionContentModel.class.php 第 20 行.
SQL: INSERT INTO `cms_position_content` (`title`,`position_id`,`thumb`,`url`,`news_id`,`status`,`create_time`) VALUES ('qqqq','2','/upload/2017/01/12/5877180c9ccd6.png','11','0','0','1484204588') [ RunTime:0.0004s ]

[ 2017-01-12T15:04:36+08:00 ] 127.0.0.1 /admin.php?c=positioncontent&a=add
INFO: [ app_begin ] --START--
INFO: Run Behavior\ReadHtmlCacheBehavior [ RunTime:0.000941s ]
INFO: [ app_begin ] --END-- [ RunTime:0.002642s ]
NOTIC: [8] Undefined variable: data C:\wamp\www\news\Application\Admin\Controller\PositioncontentController.class.php 第 78 行.
NOTIC: [8] Undefined variable: data C:\wamp\www\news\Application\Admin\Controller\PositioncontentController.class.php 第 79 行.
NOTIC: [2048] Declaration of Common\Model\PositionContentModel::find() should be compatible with Think\Model::find($options = Array) C:\wamp\www\news\Application\Common\Model\PositionContentModel.class.php 第 9 行.
SQL: SHOW COLUMNS FROM `cms_position_content` [ RunTime:0.0069s ]
NOTIC: [8] Undefined variable: data C:\wamp\www\news\Application\Admin\Controller\PositioncontentController.class.php 第 82 行.

[ 2017-01-12T15:04:46+08:00 ] 127.0.0.1 /admin.php?c=positioncontent&a=add
INFO: [ app_begin ] --START--
INFO: Run Behavior\ReadHtmlCacheBehavior [ RunTime:0.000584s ]
INFO: [ app_begin ] --END-- [ RunTime:0.001269s ]
NOTIC: [8] Undefined variable: data C:\wamp\www\news\Application\Admin\Controller\PositioncontentController.class.php 第 78 行.
NOTIC: [8] Undefined variable: data C:\wamp\www\news\Application\Admin\Controller\PositioncontentController.class.php 第 79 行.
NOTIC: [2048] Declaration of Common\Model\PositionContentModel::find() should be compatible with Think\Model::find($options = Array) C:\wamp\www\news\Application\Common\Model\PositionContentModel.class.php 第 9 行.
SQL: SHOW COLUMNS FROM `cms_position_content` [ RunTime:0.0006s ]
NOTIC: [8] Undefined variable: data C:\wamp\www\news\Application\Admin\Controller\PositioncontentController.class.php 第 82 行.
NOTIC: 建议使用E方法替代throw_exception

[ 2017-01-12T15:04:54+08:00 ] 127.0.0.1 /admin.php?c=positioncontent&a=add
INFO: [ app_begin ] --START--
INFO: Run Behavior\ReadHtmlCacheBehavior [ RunTime:0.001286s ]
INFO: [ app_begin ] --END-- [ RunTime:0.002638s ]
NOTIC: [8] Undefined variable: data C:\wamp\www\news\Application\Admin\Controller\PositioncontentController.class.php 第 78 行.
NOTIC: [8] Undefined variable: data C:\wamp\www\news\Application\Admin\Controller\PositioncontentController.class.php 第 79 行.
NOTIC: [2048] Declaration of Common\Model\PositionContentModel::find() should be compatible with Think\Model::find($options = Array) C:\wamp\www\news\Application\Common\Model\PositionContentModel.class.php 第 9 行.
SQL: SHOW COLUMNS FROM `cms_position_content` [ RunTime:0.0023s ]
NOTIC: [8] Undefined variable: data C:\wamp\www\news\Application\Admin\Controller\PositioncontentController.class.php 第 82 行.
NOTIC: 建议使用E方法替代throw_exception

[ 2017-01-12T15:07:08+08:00 ] 127.0.0.1 /admin.php?c=positioncontent&a=add
INFO: [ app_begin ] --START--
INFO: Run Behavior\ReadHtmlCacheBehavior [ RunTime:0.000626s ]
INFO: [ app_begin ] --END-- [ RunTime:0.001396s ]
NOTIC: [8] Undefined variable: data C:\wamp\www\news\Application\Admin\Controller\PositioncontentController.class.php 第 78 行.
NOTIC: [8] Undefined variable: data C:\wamp\www\news\Application\Admin\Controller\PositioncontentController.class.php 第 79 行.
NOTIC: [2048] Declaration of Common\Model\PositionContentModel::find() should be compatible with Think\Model::find($options = Array) C:\wamp\www\news\Application\Common\Model\PositionContentModel.class.php 第 9 行.
SQL: SHOW COLUMNS FROM `cms_position_content` [ RunTime:0.0009s ]
NOTIC: [8] Undefined variable: data C:\wamp\www\news\Application\Admin\Controller\PositioncontentController.class.php 第 82 行.
NOTIC: 建议使用E方法替代throw_exception

[ 2017-01-12T15:07:12+08:00 ] 127.0.0.1 /admin.php?c=positioncontent&a=add
INFO: [ app_begin ] --START--
INFO: Run Behavior\ReadHtmlCacheBehavior [ RunTime:0.000596s ]
INFO: [ app_begin ] --END-- [ RunTime:0.001283s ]
NOTIC: [8] Undefined variable: data C:\wamp\www\news\Application\Admin\Controller\PositioncontentController.class.php 第 78 行.
NOTIC: [8] Undefined variable: data C:\wamp\www\news\Application\Admin\Controller\PositioncontentController.class.php 第 79 行.
NOTIC: [2048] Declaration of Common\Model\PositionContentModel::find() should be compatible with Think\Model::find($options = Array) C:\wamp\www\news\Application\Common\Model\PositionContentModel.class.php 第 9 行.
SQL: SHOW COLUMNS FROM `cms_position_content` [ RunTime:0.0006s ]
NOTIC: [8] Undefined variable: data C:\wamp\www\news\Application\Admin\Controller\PositioncontentController.class.php 第 82 行.
NOTIC: 建议使用E方法替代throw_exception

[ 2017-01-12T15:07:15+08:00 ] 127.0.0.1 /admin.php?c=positioncontent&a=add
INFO: [ app_begin ] --START--
INFO: Run Behavior\ReadHtmlCacheBehavior [ RunTime:0.000591s ]
INFO: [ app_begin ] --END-- [ RunTime:0.001293s ]
NOTIC: [8] Undefined variable: data C:\wamp\www\news\Application\Admin\Controller\PositioncontentController.class.php 第 78 行.
NOTIC: [8] Undefined variable: data C:\wamp\www\news\Application\Admin\Controller\PositioncontentController.class.php 第 79 行.
NOTIC: [2048] Declaration of Common\Model\PositionContentModel::find() should be compatible with Think\Model::find($options = Array) C:\wamp\www\news\Application\Common\Model\PositionContentModel.class.php 第 9 行.
SQL: SHOW COLUMNS FROM `cms_position_content` [ RunTime:0.0009s ]
NOTIC: [8] Undefined variable: data C:\wamp\www\news\Application\Admin\Controller\PositioncontentController.class.php 第 82 行.
NOTIC: 建议使用E方法替代throw_exception

[ 2017-01-12T15:07:26+08:00 ] 127.0.0.1 /admin.php?c=positioncontent&a=add
INFO: [ app_begin ] --START--
INFO: Run Behavior\ReadHtmlCacheBehavior [ RunTime:0.000658s ]
INFO: [ app_begin ] --END-- [ RunTime:0.001465s ]
NOTIC: [8] Undefined variable: data C:\wamp\www\news\Application\Admin\Controller\PositioncontentController.class.php 第 78 行.
NOTIC: [8] Undefined variable: data C:\wamp\www\news\Application\Admin\Controller\PositioncontentController.class.php 第 79 行.
NOTIC: [2048] Declaration of Common\Model\PositionContentModel::find() should be compatible with Think\Model::find($options = Array) C:\wamp\www\news\Application\Common\Model\PositionContentModel.class.php 第 9 行.
SQL: SHOW COLUMNS FROM `cms_position_content` [ RunTime:0.0007s ]
NOTIC: [8] Undefined variable: data C:\wamp\www\news\Application\Admin\Controller\PositioncontentController.class.php 第 82 行.
NOTIC: 建议使用E方法替代throw_exception

[ 2017-01-12T15:08:29+08:00 ] 127.0.0.1 /admin.php?c=positioncontent&a=add
INFO: [ app_begin ] --START--
INFO: Run Behavior\ReadHtmlCacheBehavior [ RunTime:0.000818s ]
INFO: [ app_begin ] --END-- [ RunTime:0.001616s ]
NOTIC: [8] Undefined variable: data C:\wamp\www\news\Application\Admin\Controller\PositioncontentController.class.php 第 78 行.
NOTIC: [8] Undefined variable: data C:\wamp\www\news\Application\Admin\Controller\PositioncontentController.class.php 第 79 行.
NOTIC: [8] Undefined variable: data C:\wamp\www\news\Application\Admin\Controller\PositioncontentController.class.php 第 80 行.
NOTIC: [2048] Declaration of Common\Model\PositionContentModel::find() should be compatible with Think\Model::find($options = Array) C:\wamp\www\news\Application\Common\Model\PositionContentModel.class.php 第 9 行.
SQL: SHOW COLUMNS FROM `cms_position_content` [ RunTime:0.0006s ]
NOTIC: [8] Undefined variable: data C:\wamp\www\news\Application\Admin\Controller\PositioncontentController.class.php 第 82 行.
NOTIC: 建议使用E方法替代throw_exception

[ 2017-01-12T15:08:45+08:00 ] 127.0.0.1 /admin.php?c=positioncontent&a=add
INFO: [ app_begin ] --START--
INFO: Run Behavior\ReadHtmlCacheBehavior [ RunTime:0.000599s ]
INFO: [ app_begin ] --END-- [ RunTime:0.001410s ]
NOTIC: [8] Undefined variable: data C:\wamp\www\news\Application\Admin\Controller\PositioncontentController.class.php 第 78 行.
NOTIC: [8] Undefined variable: data C:\wamp\www\news\Application\Admin\Controller\PositioncontentController.class.php 第 79 行.
NOTIC: [8] Undefined variable: data C:\wamp\www\news\Application\Admin\Controller\PositioncontentController.class.php 第 80 行.
NOTIC: [2048] Declaration of Common\Model\PositionContentModel::find() should be compatible with Think\Model::find($options = Array) C:\wamp\www\news\Application\Common\Model\PositionContentModel.class.php 第 9 行.
SQL: SHOW COLUMNS FROM `cms_position_content` [ RunTime:0.0011s ]
NOTIC: [8] Undefined variable: data C:\wamp\www\news\Application\Admin\Controller\PositioncontentController.class.php 第 82 行.
NOTIC: 建议使用E方法替代throw_exception

[ 2017-01-12T15:09:17+08:00 ] 127.0.0.1 /admin.php?c=positioncontent&a=add
INFO: [ app_begin ] --START--
INFO: Run Behavior\ReadHtmlCacheBehavior [ RunTime:0.000982s ]
INFO: [ app_begin ] --END-- [ RunTime:0.002113s ]
NOTIC: [8] Undefined variable: data C:\wamp\www\news\Application\Admin\Controller\PositioncontentController.class.php 第 77 行.
NOTIC: [8] Undefined variable: data C:\wamp\www\news\Application\Admin\Controller\PositioncontentController.class.php 第 78 行.
NOTIC: [8] Undefined variable: data C:\wamp\www\news\Application\Admin\Controller\PositioncontentController.class.php 第 79 行.
NOTIC: [2048] Declaration of Common\Model\PositionContentModel::find() should be compatible with Think\Model::find($options = Array) C:\wamp\www\news\Application\Common\Model\PositionContentModel.class.php 第 9 行.
SQL: SHOW COLUMNS FROM `cms_position_content` [ RunTime:0.0011s ]
NOTIC: [8] Undefined variable: data C:\wamp\www\news\Application\Admin\Controller\PositioncontentController.class.php 第 82 行.
NOTIC: 建议使用E方法替代throw_exception

[ 2017-01-12T15:09:32+08:00 ] 127.0.0.1 /admin.php?c=positioncontent&a=add
INFO: [ app_begin ] --START--
INFO: Run Behavior\ReadHtmlCacheBehavior [ RunTime:0.000569s ]
INFO: [ app_begin ] --END-- [ RunTime:0.001290s ]
NOTIC: [8] Undefined variable: data C:\wamp\www\news\Application\Admin\Controller\PositioncontentController.class.php 第 78 行.
NOTIC: [8] Undefined variable: data C:\wamp\www\news\Application\Admin\Controller\PositioncontentController.class.php 第 79 行.
NOTIC: [2048] Declaration of Common\Model\PositionContentModel::find() should be compatible with Think\Model::find($options = Array) C:\wamp\www\news\Application\Common\Model\PositionContentModel.class.php 第 9 行.
SQL: SHOW COLUMNS FROM `cms_position_content` [ RunTime:0.0007s ]
NOTIC: [8] Undefined variable: data C:\wamp\www\news\Application\Admin\Controller\PositioncontentController.class.php 第 82 行.
NOTIC: 建议使用E方法替代throw_exception

[ 2017-01-12T15:10:19+08:00 ] 127.0.0.1 /admin.php?c=positioncontent&a=add
INFO: [ app_begin ] --START--
INFO: Run Behavior\ReadHtmlCacheBehavior [ RunTime:0.000836s ]
INFO: [ app_begin ] --END-- [ RunTime:0.001546s ]
NOTIC: [8] Undefined variable: data C:\wamp\www\news\Application\Admin\Controller\PositioncontentController.class.php 第 78 行.
NOTIC: [8] Undefined variable: data C:\wamp\www\news\Application\Admin\Controller\PositioncontentController.class.php 第 79 行.
NOTIC: [2048] Declaration of Common\Model\PositionContentModel::find() should be compatible with Think\Model::find($options = Array) C:\wamp\www\news\Application\Common\Model\PositionContentModel.class.php 第 9 行.
SQL: SHOW COLUMNS FROM `cms_position_content` [ RunTime:0.0006s ]
NOTIC: [8] Undefined variable: data C:\wamp\www\news\Application\Admin\Controller\PositioncontentController.class.php 第 82 行.
NOTIC: 建议使用E方法替代throw_exception

[ 2017-01-12T15:10:28+08:00 ] 127.0.0.1 /admin.php?c=positioncontent&a=add
INFO: [ app_begin ] --START--
INFO: Run Behavior\ReadHtmlCacheBehavior [ RunTime:0.000742s ]
INFO: [ app_begin ] --END-- [ RunTime:0.001576s ]
NOTIC: [8] Undefined variable: data C:\wamp\www\news\Application\Admin\Controller\PositioncontentController.class.php 第 78 行.
NOTIC: [8] Undefined variable: data C:\wamp\www\news\Application\Admin\Controller\PositioncontentController.class.php 第 79 行.
NOTIC: [2048] Declaration of Common\Model\PositionContentModel::find() should be compatible with Think\Model::find($options = Array) C:\wamp\www\news\Application\Common\Model\PositionContentModel.class.php 第 9 行.
SQL: SHOW COLUMNS FROM `cms_position_content` [ RunTime:0.0006s ]
NOTIC: [8] Undefined variable: data C:\wamp\www\news\Application\Admin\Controller\PositioncontentController.class.php 第 82 行.
NOTIC: 建议使用E方法替代throw_exception

[ 2017-01-12T15:10:37+08:00 ] 127.0.0.1 /admin.php?c=positioncontent&a=add
INFO: [ app_begin ] --START--
INFO: Run Behavior\ReadHtmlCacheBehavior [ RunTime:0.000560s ]
INFO: [ app_begin ] --END-- [ RunTime:0.001223s ]
NOTIC: [8] Undefined variable: data C:\wamp\www\news\Application\Admin\Controller\PositioncontentController.class.php 第 78 行.
NOTIC: [8] Undefined variable: data C:\wamp\www\news\Application\Admin\Controller\PositioncontentController.class.php 第 79 行.
NOTIC: [2048] Declaration of Common\Model\PositionContentModel::find() should be compatible with Think\Model::find($options = Array) C:\wamp\www\news\Application\Common\Model\PositionContentModel.class.php 第 9 行.
SQL: SHOW COLUMNS FROM `cms_position_content` [ RunTime:0.0006s ]
NOTIC: [8] Undefined variable: data C:\wamp\www\news\Application\Admin\Controller\PositioncontentController.class.php 第 82 行.
NOTIC: 建议使用E方法替代throw_exception

[ 2017-01-12T15:11:30+08:00 ] 127.0.0.1 /admin.php?c=positioncontent&a=add
INFO: [ app_begin ] --START--
INFO: Run Behavior\ReadHtmlCacheBehavior [ RunTime:0.000799s ]
INFO: [ app_begin ] --END-- [ RunTime:0.001676s ]

[ 2017-01-12T15:11:36+08:00 ] 127.0.0.1 /admin.php?c=positioncontent&a=add
INFO: [ app_begin ] --START--
INFO: Run Behavior\ReadHtmlCacheBehavior [ RunTime:0.000679s ]
INFO: [ app_begin ] --END-- [ RunTime:0.001496s ]

[ 2017-01-12T15:11:42+08:00 ] 127.0.0.1 /admin.php?c=positioncontent&a=add
INFO: [ app_begin ] --START--
INFO: Run Behavior\ReadHtmlCacheBehavior [ RunTime:0.002924s ]
INFO: [ app_begin ] --END-- [ RunTime:0.005527s ]
NOTIC: [8] Undefined index: id C:\wamp\www\news\Application\Admin\Controller\PositioncontentController.class.php 第 47 行.
NOTIC: [2048] Declaration of Common\Model\PositionContentModel::find() should be compatible with Think\Model::find($options = Array) C:\wamp\www\news\Application\Common\Model\PositionContentModel.class.php 第 9 行.
SQL: SHOW COLUMNS FROM `cms_position_content` [ RunTime:0.0125s ]
NOTIC: [8] Undefined index: create_time C:\wamp\www\news\Application\Common\Model\PositionContentModel.class.php 第 20 行.
SQL: INSERT INTO `cms_position_content` (`title`,`position_id`,`thumb`,`url`,`news_id`,`status`,`create_time`) VALUES ('1','2','/upload/2017/01/12/58772c2d48146.png','1','0','1','1484205102') [ RunTime:0.0005s ]

[ 2017-01-12T15:11:50+08:00 ] 127.0.0.1 /admin.php?c=positioncontent&a=add
INFO: [ app_begin ] --START--
INFO: Run Behavior\ReadHtmlCacheBehavior [ RunTime:0.001097s ]
INFO: [ app_begin ] --END-- [ RunTime:0.002541s ]
NOTIC: [8] Undefined variable: data C:\wamp\www\news\Application\Admin\Controller\PositioncontentController.class.php 第 78 行.
NOTIC: [8] Undefined variable: data C:\wamp\www\news\Application\Admin\Controller\PositioncontentController.class.php 第 79 行.
NOTIC: [2048] Declaration of Common\Model\PositionContentModel::find() should be compatible with Think\Model::find($options = Array) C:\wamp\www\news\Application\Common\Model\PositionContentModel.class.php 第 9 行.
SQL: SHOW COLUMNS FROM `cms_position_content` [ RunTime:0.0068s ]
NOTIC: [8] Undefined variable: data C:\wamp\www\news\Application\Admin\Controller\PositioncontentController.class.php 第 82 行.
NOTIC: 建议使用E方法替代throw_exception

[ 2017-01-12T15:11:52+08:00 ] 127.0.0.1 /admin.php?c=positioncontent&a=add
INFO: [ app_begin ] --START--
INFO: Run Behavior\ReadHtmlCacheBehavior [ RunTime:0.001150s ]
INFO: [ app_begin ] --END-- [ RunTime:0.002709s ]
NOTIC: [8] Undefined variable: data C:\wamp\www\news\Application\Admin\Controller\PositioncontentController.class.php 第 78 行.
NOTIC: [8] Undefined variable: data C:\wamp\www\news\Application\Admin\Controller\PositioncontentController.class.php 第 79 行.
NOTIC: [2048] Declaration of Common\Model\PositionContentModel::find() should be compatible with Think\Model::find($options = Array) C:\wamp\www\news\Application\Common\Model\PositionContentModel.class.php 第 9 行.
SQL: SHOW COLUMNS FROM `cms_position_content` [ RunTime:0.0006s ]
NOTIC: [8] Undefined variable: data C:\wamp\www\news\Application\Admin\Controller\PositioncontentController.class.php 第 82 行.
NOTIC: 建议使用E方法替代throw_exception

[ 2017-01-12T15:13:06+08:00 ] 127.0.0.1 /admin.php?c=positioncontent&a=add
INFO: [ app_begin ] --START--
INFO: Run Behavior\ReadHtmlCacheBehavior [ RunTime:0.000804s ]
INFO: [ app_begin ] --END-- [ RunTime:0.001620s ]
NOTIC: [8] Undefined variable: data C:\wamp\www\news\Application\Admin\Controller\PositioncontentController.class.php 第 78 行.
NOTIC: [8] Undefined variable: data C:\wamp\www\news\Application\Admin\Controller\PositioncontentController.class.php 第 79 行.
NOTIC: [2048] Declaration of Common\Model\PositionContentModel::find() should be compatible with Think\Model::find($options = Array) C:\wamp\www\news\Application\Common\Model\PositionContentModel.class.php 第 9 行.
SQL: SHOW COLUMNS FROM `cms_position_content` [ RunTime:0.0006s ]
NOTIC: [8] Undefined variable: data C:\wamp\www\news\Application\Admin\Controller\PositioncontentController.class.php 第 82 行.
NOTIC: 建议使用E方法替代throw_exception

[ 2017-01-12T15:13:37+08:00 ] 127.0.0.1 /admin.php?c=positioncontent&a=add
INFO: [ app_begin ] --START--
INFO: Run Behavior\ReadHtmlCacheBehavior [ RunTime:0.000869s ]
INFO: [ app_begin ] --END-- [ RunTime:0.001902s ]
NOTIC: [8] Undefined variable: data C:\wamp\www\news\Application\Admin\Controller\PositioncontentController.class.php 第 78 行.
NOTIC: [8] Undefined variable: data C:\wamp\www\news\Application\Admin\Controller\PositioncontentController.class.php 第 79 行.
NOTIC: [2048] Declaration of Common\Model\PositionContentModel::find() should be compatible with Think\Model::find($options = Array) C:\wamp\www\news\Application\Common\Model\PositionContentModel.class.php 第 9 行.
SQL: SHOW COLUMNS FROM `cms_position_content` [ RunTime:0.0006s ]
NOTIC: [8] Undefined variable: data C:\wamp\www\news\Application\Admin\Controller\PositioncontentController.class.php 第 82 行.
NOTIC: 建议使用E方法替代throw_exception

[ 2017-01-12T15:14:49+08:00 ] 127.0.0.1 /admin.php?c=positioncontent&a=add
INFO: [ app_begin ] --START--
INFO: Run Behavior\ReadHtmlCacheBehavior [ RunTime:0.000632s ]
INFO: [ app_begin ] --END-- [ RunTime:0.001391s ]
NOTIC: [8] Undefined variable: data C:\wamp\www\news\Application\Admin\Controller\PositioncontentController.class.php 第 78 行.
NOTIC: [8] Undefined variable: data C:\wamp\www\news\Application\Admin\Controller\PositioncontentController.class.php 第 79 行.
NOTIC: [2048] Declaration of Common\Model\PositionContentModel::find() should be compatible with Think\Model::find($options = Array) C:\wamp\www\news\Application\Common\Model\PositionContentModel.class.php 第 9 行.
SQL: SHOW COLUMNS FROM `cms_position_content` [ RunTime:0.0009s ]
NOTIC: [8] Undefined variable: data C:\wamp\www\news\Application\Admin\Controller\PositioncontentController.class.php 第 82 行.
NOTIC: 建议使用E方法替代throw_exception

[ 2017-01-12T15:15:24+08:00 ] 127.0.0.1 /admin.php?c=positioncontent&a=add
INFO: [ app_begin ] --START--
INFO: Run Behavior\ReadHtmlCacheBehavior [ RunTime:0.000930s ]
INFO: [ app_begin ] --END-- [ RunTime:0.002775s ]
NOTIC: [2048] Declaration of Common\Model\PositionContentModel::find() should be compatible with Think\Model::find($options = Array) C:\wamp\www\news\Application\Common\Model\PositionContentModel.class.php 第 9 行.
SQL: SHOW COLUMNS FROM `cms_position_content` [ RunTime:0.0019s ]
SQL: UPDATE `cms_position_content` SET `title`='12222',`position_id`='2',`thumb`='/upload/2017/01/12/58772c2d48146.png',`url`='1',`news_id`='0',`status`='1' WHERE ( id=42 ) [ RunTime:0.0032s ]

[ 2017-01-12T15:19:57+08:00 ] 127.0.0.1 /admin.php?c=positioncontent&a=setStatus
INFO: [ app_begin ] --START--
INFO: Run Behavior\ReadHtmlCacheBehavior [ RunTime:0.000566s ]
INFO: [ app_begin ] --END-- [ RunTime:0.001331s ]

[ 2017-01-12T15:20:03+08:00 ] 127.0.0.1 /admin.php?c=position&a=setStatus
INFO: [ app_begin ] --START--
INFO: Run Behavior\ReadHtmlCacheBehavior [ RunTime:0.000930s ]
INFO: [ app_begin ] --END-- [ RunTime:0.001746s ]
NOTIC: [2048] Declaration of Common\Model\PositionModel::find() should be compatible with Think\Model::find($options = Array) C:\wamp\www\news\Application\Common\Model\PositionModel.class.php 第 5 行.
SQL: SHOW COLUMNS FROM `cms_position` [ RunTime:0.0005s ]
SQL: UPDATE `cms_position` SET `status`='0' WHERE ( id=17 ) [ RunTime:0.0005s ]

[ 2017-01-12T15:24:39+08:00 ] 127.0.0.1 /admin.php?c=position&a=setStatus
INFO: [ app_begin ] --START--
INFO: Run Behavior\ReadHtmlCacheBehavior [ RunTime:0.000567s ]
INFO: [ app_begin ] --END-- [ RunTime:0.001287s ]
NOTIC: [2048] Declaration of Admin\Controller\PositionController::setStatus() should be compatible with Admin\Controller\CommonController::setStatus($data, $models) C:\wamp\www\news\Application\Admin\Controller\PositionController.class.php 第 10 行.
NOTIC: [8] Undefined variable: data C:\wamp\www\news\Application\Admin\Controller\PositionController.class.php 第 77 行.
ERR: Think\Controller:setStauts方法不存在！

[ 2017-01-12T15:24:40+08:00 ] 127.0.0.1 /admin.php?c=position&a=setStatus
INFO: [ app_begin ] --START--
INFO: Run Behavior\ReadHtmlCacheBehavior [ RunTime:0.000620s ]
INFO: [ app_begin ] --END-- [ RunTime:0.001285s ]
NOTIC: [2048] Declaration of Admin\Controller\PositionController::setStatus() should be compatible with Admin\Controller\CommonController::setStatus($data, $models) C:\wamp\www\news\Application\Admin\Controller\PositionController.class.php 第 10 行.
NOTIC: [8] Undefined variable: data C:\wamp\www\news\Application\Admin\Controller\PositionController.class.php 第 77 行.
ERR: Think\Controller:setStauts方法不存在！

[ 2017-01-12T15:24:41+08:00 ] 127.0.0.1 /admin.php?c=position&a=setStatus
INFO: [ app_begin ] --START--
INFO: Run Behavior\ReadHtmlCacheBehavior [ RunTime:0.000561s ]
INFO: [ app_begin ] --END-- [ RunTime:0.001271s ]
NOTIC: [2048] Declaration of Admin\Controller\PositionController::setStatus() should be compatible with Admin\Controller\CommonController::setStatus($data, $models) C:\wamp\www\news\Application\Admin\Controller\PositionController.class.php 第 10 行.
NOTIC: [8] Undefined variable: data C:\wamp\www\news\Application\Admin\Controller\PositionController.class.php 第 77 行.
ERR: Think\Controller:setStauts方法不存在！

[ 2017-01-12T15:24:41+08:00 ] 127.0.0.1 /admin.php?c=position&a=setStatus
INFO: [ app_begin ] --START--
INFO: Run Behavior\ReadHtmlCacheBehavior [ RunTime:0.000568s ]
INFO: [ app_begin ] --END-- [ RunTime:0.001241s ]
NOTIC: [2048] Declaration of Admin\Controller\PositionController::setStatus() should be compatible with Admin\Controller\CommonController::setStatus($data, $models) C:\wamp\www\news\Application\Admin\Controller\PositionController.class.php 第 10 行.
NOTIC: [8] Undefined variable: data C:\wamp\www\news\Application\Admin\Controller\PositionController.class.php 第 77 行.
ERR: Think\Controller:setStauts方法不存在！

[ 2017-01-12T15:24:41+08:00 ] 127.0.0.1 /admin.php?c=position&a=setStatus
INFO: [ app_begin ] --START--
INFO: Run Behavior\ReadHtmlCacheBehavior [ RunTime:0.000628s ]
INFO: [ app_begin ] --END-- [ RunTime:0.001432s ]
NOTIC: [2048] Declaration of Admin\Controller\PositionController::setStatus() should be compatible with Admin\Controller\CommonController::setStatus($data, $models) C:\wamp\www\news\Application\Admin\Controller\PositionController.class.php 第 10 行.
NOTIC: [8] Undefined variable: data C:\wamp\www\news\Application\Admin\Controller\PositionController.class.php 第 77 行.
ERR: Think\Controller:setStauts方法不存在！

[ 2017-01-12T15:24:41+08:00 ] 127.0.0.1 /admin.php?c=position&a=setStatus
INFO: [ app_begin ] --START--
INFO: Run Behavior\ReadHtmlCacheBehavior [ RunTime:0.000579s ]
INFO: [ app_begin ] --END-- [ RunTime:0.001237s ]
NOTIC: [2048] Declaration of Admin\Controller\PositionController::setStatus() should be compatible with Admin\Controller\CommonController::setStatus($data, $models) C:\wamp\www\news\Application\Admin\Controller\PositionController.class.php 第 10 行.
NOTIC: [8] Undefined variable: data C:\wamp\www\news\Application\Admin\Controller\PositionController.class.php 第 77 行.
ERR: Think\Controller:setStauts方法不存在！

[ 2017-01-12T15:26:31+08:00 ] 127.0.0.1 /admin.php?c=position&a=setStatus
INFO: [ app_begin ] --START--
INFO: Run Behavior\ReadHtmlCacheBehavior [ RunTime:0.000579s ]
INFO: [ app_begin ] --END-- [ RunTime:0.001241s ]
NOTIC: [2048] Declaration of Admin\Controller\PositionController::setStatus() should be compatible with Admin\Controller\CommonController::setStatus($data, $models) C:\wamp\www\news\Application\Admin\Controller\PositionController.class.php 第 10 行.
ERR: Think\Controller:setStauts方法不存在！

[ 2017-01-12T15:26:33+08:00 ] 127.0.0.1 /admin.php?c=position&a=setStatus
INFO: [ app_begin ] --START--
INFO: Run Behavior\ReadHtmlCacheBehavior [ RunTime:0.000895s ]
INFO: [ app_begin ] --END-- [ RunTime:0.001875s ]
NOTIC: [2048] Declaration of Admin\Controller\PositionController::setStatus() should be compatible with Admin\Controller\CommonController::setStatus($data, $models) C:\wamp\www\news\Application\Admin\Controller\PositionController.class.php 第 10 行.
ERR: Think\Controller:setStauts方法不存在！

[ 2017-01-12T15:26:33+08:00 ] 127.0.0.1 /admin.php?c=position&a=setStatus
INFO: [ app_begin ] --START--
INFO: Run Behavior\ReadHtmlCacheBehavior [ RunTime:0.000559s ]
INFO: [ app_begin ] --END-- [ RunTime:0.001227s ]
NOTIC: [2048] Declaration of Admin\Controller\PositionController::setStatus() should be compatible with Admin\Controller\CommonController::setStatus($data, $models) C:\wamp\www\news\Application\Admin\Controller\PositionController.class.php 第 10 行.
ERR: Think\Controller:setStauts方法不存在！

[ 2017-01-12T15:26:33+08:00 ] 127.0.0.1 /admin.php?c=position&a=setStatus
INFO: [ app_begin ] --START--
INFO: Run Behavior\ReadHtmlCacheBehavior [ RunTime:0.000559s ]
INFO: [ app_begin ] --END-- [ RunTime:0.001260s ]
NOTIC: [2048] Declaration of Admin\Controller\PositionController::setStatus() should be compatible with Admin\Controller\CommonController::setStatus($data, $models) C:\wamp\www\news\Application\Admin\Controller\PositionController.class.php 第 10 行.
ERR: Think\Controller:setStauts方法不存在！

[ 2017-01-12T15:26:33+08:00 ] 127.0.0.1 /admin.php?c=position&a=setStatus
INFO: [ app_begin ] --START--
INFO: Run Behavior\ReadHtmlCacheBehavior [ RunTime:0.000620s ]
INFO: [ app_begin ] --END-- [ RunTime:0.001418s ]
NOTIC: [2048] Declaration of Admin\Controller\PositionController::setStatus() should be compatible with Admin\Controller\CommonController::setStatus($data, $models) C:\wamp\www\news\Application\Admin\Controller\PositionController.class.php 第 10 行.
ERR: Think\Controller:setStauts方法不存在！

[ 2017-01-12T15:26:33+08:00 ] 127.0.0.1 /admin.php?c=position&a=setStatus
INFO: [ app_begin ] --START--
INFO: Run Behavior\ReadHtmlCacheBehavior [ RunTime:0.000618s ]
INFO: [ app_begin ] --END-- [ RunTime:0.001294s ]
NOTIC: [2048] Declaration of Admin\Controller\PositionController::setStatus() should be compatible with Admin\Controller\CommonController::setStatus($data, $models) C:\wamp\www\news\Application\Admin\Controller\PositionController.class.php 第 10 行.
ERR: Think\Controller:setStauts方法不存在！

[ 2017-01-12T15:26:55+08:00 ] 127.0.0.1 /admin.php?c=positioncontent&a=setStatus
INFO: [ app_begin ] --START--
INFO: Run Behavior\ReadHtmlCacheBehavior [ RunTime:0.000567s ]
INFO: [ app_begin ] --END-- [ RunTime:0.001272s ]
ERR: 参数错误或者未定义:data

[ 2017-01-12T15:26:56+08:00 ] 127.0.0.1 /admin.php?c=positioncontent&a=setStatus
INFO: [ app_begin ] --START--
INFO: Run Behavior\ReadHtmlCacheBehavior [ RunTime:0.000574s ]
INFO: [ app_begin ] --END-- [ RunTime:0.001328s ]
ERR: 参数错误或者未定义:data

[ 2017-01-12T15:28:33+08:00 ] 127.0.0.1 /admin.php?c=positioncontent&a=setStatus
INFO: [ app_begin ] --START--
INFO: Run Behavior\ReadHtmlCacheBehavior [ RunTime:0.000998s ]
INFO: [ app_begin ] --END-- [ RunTime:0.001904s ]
NOTIC: [2048] Declaration of Admin\Controller\PositioncontentController::setStatus() should be compatible with Admin\Controller\CommonController::setStatus($data, $models) C:\wamp\www\news\Application\Admin\Controller\PositioncontentController.class.php 第 9 行.

[ 2017-01-12T15:28:38+08:00 ] 127.0.0.1 /admin.php?c=position&a=setStatus
INFO: [ app_begin ] --START--
INFO: Run Behavior\ReadHtmlCacheBehavior [ RunTime:0.000605s ]
INFO: [ app_begin ] --END-- [ RunTime:0.001340s ]
NOTIC: [2048] Declaration of Admin\Controller\PositionController::setStatus() should be compatible with Admin\Controller\CommonController::setStatus($data, $models) C:\wamp\www\news\Application\Admin\Controller\PositionController.class.php 第 10 行.
NOTIC: [2048] Declaration of Common\Model\PositionModel::find() should be compatible with Think\Model::find($options = Array) C:\wamp\www\news\Application\Common\Model\PositionModel.class.php 第 5 行.
SQL: SHOW COLUMNS FROM `cms_position` [ RunTime:0.0005s ]
SQL: UPDATE `cms_position` SET `status`='1' WHERE ( id=17 ) [ RunTime:0.0003s ]

[ 2017-01-12T15:29:11+08:00 ] 127.0.0.1 /admin.php?c=positioncontent&a=setStatus
INFO: [ app_begin ] --START--
INFO: Run Behavior\ReadHtmlCacheBehavior [ RunTime:0.000589s ]
INFO: [ app_begin ] --END-- [ RunTime:0.001335s ]
NOTIC: [2048] Declaration of Admin\Controller\PositioncontentController::setStatus() should be compatible with Admin\Controller\CommonController::setStatus($data, $models) C:\wamp\www\news\Application\Admin\Controller\PositioncontentController.class.php 第 9 行.

[ 2017-01-12T15:29:14+08:00 ] 127.0.0.1 /admin.php?c=positioncontent&a=setStatus
INFO: [ app_begin ] --START--
INFO: Run Behavior\ReadHtmlCacheBehavior [ RunTime:0.000590s ]
INFO: [ app_begin ] --END-- [ RunTime:0.001289s ]
NOTIC: [2048] Declaration of Admin\Controller\PositioncontentController::setStatus() should be compatible with Admin\Controller\CommonController::setStatus($data, $models) C:\wamp\www\news\Application\Admin\Controller\PositioncontentController.class.php 第 9 行.

[ 2017-01-12T15:29:27+08:00 ] 127.0.0.1 /admin.php?c=positioncontent&a=setStatus
INFO: [ app_begin ] --START--
INFO: Run Behavior\ReadHtmlCacheBehavior [ RunTime:0.000565s ]
INFO: [ app_begin ] --END-- [ RunTime:0.001286s ]
NOTIC: [2048] Declaration of Admin\Controller\PositioncontentController::setStatus() should be compatible with Admin\Controller\CommonController::setStatus($data, $models) C:\wamp\www\news\Application\Admin\Controller\PositioncontentController.class.php 第 9 行.

[ 2017-01-12T15:29:48+08:00 ] 127.0.0.1 /admin.php?c=position&a=setStatus
INFO: [ app_begin ] --START--
INFO: Run Behavior\ReadHtmlCacheBehavior [ RunTime:0.000604s ]
INFO: [ app_begin ] --END-- [ RunTime:0.001352s ]
NOTIC: [2048] Declaration of Admin\Controller\PositionController::setStatus() should be compatible with Admin\Controller\CommonController::setStatus($data, $models) C:\wamp\www\news\Application\Admin\Controller\PositionController.class.php 第 10 行.
NOTIC: [2048] Declaration of Common\Model\PositionModel::find() should be compatible with Think\Model::find($options = Array) C:\wamp\www\news\Application\Common\Model\PositionModel.class.php 第 5 行.
SQL: SHOW COLUMNS FROM `cms_position` [ RunTime:0.0006s ]
SQL: UPDATE `cms_position` SET `status`='0' WHERE ( id=17 ) [ RunTime:0.0003s ]

[ 2017-01-12T15:30:04+08:00 ] 127.0.0.1 /admin.php?c=position&a=setStatus
INFO: [ app_begin ] --START--
INFO: Run Behavior\ReadHtmlCacheBehavior [ RunTime:0.000771s ]
INFO: [ app_begin ] --END-- [ RunTime:0.001493s ]
NOTIC: [2048] Declaration of Admin\Controller\PositionController::setStatus() should be compatible with Admin\Controller\CommonController::setStatus($data, $models) C:\wamp\www\news\Application\Admin\Controller\PositionController.class.php 第 10 行.
NOTIC: [2048] Declaration of Common\Model\PositionModel::find() should be compatible with Think\Model::find($options = Array) C:\wamp\www\news\Application\Common\Model\PositionModel.class.php 第 5 行.
SQL: SHOW COLUMNS FROM `cms_position` [ RunTime:0.0006s ]
SQL: UPDATE `cms_position` SET `status`='1' WHERE ( id=17 ) [ RunTime:0.0004s ]

[ 2017-01-12T15:30:16+08:00 ] 127.0.0.1 /admin.php?c=positioncontent&a=setStatus
INFO: [ app_begin ] --START--
INFO: Run Behavior\ReadHtmlCacheBehavior [ RunTime:0.001153s ]
INFO: [ app_begin ] --END-- [ RunTime:0.002443s ]
NOTIC: [2048] Declaration of Admin\Controller\PositioncontentController::setStatus() should be compatible with Admin\Controller\CommonController::setStatus($data, $models) C:\wamp\www\news\Application\Admin\Controller\PositioncontentController.class.php 第 9 行.

[ 2017-01-12T15:30:21+08:00 ] 127.0.0.1 /admin.php?c=positioncontent&a=setStatus
INFO: [ app_begin ] --START--
INFO: Run Behavior\ReadHtmlCacheBehavior [ RunTime:0.000583s ]
INFO: [ app_begin ] --END-- [ RunTime:0.001303s ]
NOTIC: [2048] Declaration of Admin\Controller\PositioncontentController::setStatus() should be compatible with Admin\Controller\CommonController::setStatus($data, $models) C:\wamp\www\news\Application\Admin\Controller\PositioncontentController.class.php 第 9 行.

[ 2017-01-12T15:31:27+08:00 ] 127.0.0.1 /admin.php?c=positioncontent&a=setStatus
INFO: [ app_begin ] --START--
INFO: Run Behavior\ReadHtmlCacheBehavior [ RunTime:0.000648s ]
INFO: [ app_begin ] --END-- [ RunTime:0.001425s ]
NOTIC: [2048] Declaration of Admin\Controller\PositioncontentController::setStatus() should be compatible with Admin\Controller\CommonController::setStatus($data, $models) C:\wamp\www\news\Application\Admin\Controller\PositioncontentController.class.php 第 9 行.

[ 2017-01-12T15:31:51+08:00 ] 127.0.0.1 /admin.php?c=positioncontent&a=setStatus
INFO: [ app_begin ] --START--
INFO: Run Behavior\ReadHtmlCacheBehavior [ RunTime:0.000686s ]
INFO: [ app_begin ] --END-- [ RunTime:0.001397s ]
NOTIC: [2048] Declaration of Admin\Controller\PositioncontentController::setStatus() should be compatible with Admin\Controller\CommonController::setStatus($data, $models) C:\wamp\www\news\Application\Admin\Controller\PositioncontentController.class.php 第 9 行.

[ 2017-01-12T15:33:32+08:00 ] 127.0.0.1 /admin.php?c=content&a=setStatus
INFO: [ app_begin ] --START--
INFO: Run Behavior\ReadHtmlCacheBehavior [ RunTime:0.000874s ]
INFO: [ app_begin ] --END-- [ RunTime:0.001615s ]
ERR: 参数错误或者未定义:data

[ 2017-01-12T15:33:33+08:00 ] 127.0.0.1 /admin.php?c=content&a=setStatus
INFO: [ app_begin ] --START--
INFO: Run Behavior\ReadHtmlCacheBehavior [ RunTime:0.000764s ]
INFO: [ app_begin ] --END-- [ RunTime:0.001513s ]
ERR: 参数错误或者未定义:data

[ 2017-01-12T15:33:44+08:00 ] 127.0.0.1 /admin.php?c=content&a=setStatus
INFO: [ app_begin ] --START--
INFO: Run Behavior\ReadHtmlCacheBehavior [ RunTime:0.000853s ]
INFO: [ app_begin ] --END-- [ RunTime:0.001584s ]
ERR: 参数错误或者未定义:data

[ 2017-01-12T15:35:32+08:00 ] 127.0.0.1 /admin.php?c=menu&a=setStatus
INFO: [ app_begin ] --START--
INFO: Run Behavior\ReadHtmlCacheBehavior [ RunTime:0.000685s ]
INFO: [ app_begin ] --END-- [ RunTime:0.001405s ]
NOTIC: [2048] Declaration of Admin\Controller\MenuController::setStatus() should be compatible with Admin\Controller\CommonController::setStatus($data, $models) C:\wamp\www\news\Application\Admin\Controller\MenuController.class.php 第 8 行.
NOTIC: [8] Undefined index: menu_id C:\wamp\www\news\Application\Admin\Controller\MenuController.class.php 第 89 行.

[ 2017-01-12T15:36:51+08:00 ] 127.0.0.1 /admin.php?c=content&a=setStatus
INFO: [ app_begin ] --START--
INFO: Run Behavior\ReadHtmlCacheBehavior [ RunTime:0.001202s ]
INFO: [ app_begin ] --END-- [ RunTime:0.002411s ]
NOTIC: [2048] Declaration of Admin\Controller\ContentController::setStatus() should be compatible with Admin\Controller\CommonController::setStatus($data, $models) C:\wamp\www\news\Application\Admin\Controller\ContentController.class.php 第 9 行.
NOTIC: [8] Undefined index: menu_id C:\wamp\www\news\Application\Admin\Controller\ContentController.class.php 第 183 行.

[ 2017-01-12T15:38:03+08:00 ] 127.0.0.1 /admin.php?c=content&a=setStatus
INFO: [ app_begin ] --START--
INFO: Run Behavior\ReadHtmlCacheBehavior [ RunTime:0.000667s ]
INFO: [ app_begin ] --END-- [ RunTime:0.001383s ]
NOTIC: [2048] Declaration of Admin\Controller\ContentController::setStatus() should be compatible with Admin\Controller\CommonController::setStatus($data, $models) C:\wamp\www\news\Application\Admin\Controller\ContentController.class.php 第 9 行.
NOTIC: [8] Undefined index: news_id C:\wamp\www\news\Application\Admin\Controller\ContentController.class.php 第 183 行.

[ 2017-01-12T15:39:11+08:00 ] 127.0.0.1 /admin.php?c=position&a=setStatus
INFO: [ app_begin ] --START--
INFO: Run Behavior\ReadHtmlCacheBehavior [ RunTime:0.000962s ]
INFO: [ app_begin ] --END-- [ RunTime:0.001761s ]
NOTIC: [2048] Declaration of Admin\Controller\PositionController::setStatus() should be compatible with Admin\Controller\CommonController::setStatus($data, $models) C:\wamp\www\news\Application\Admin\Controller\PositionController.class.php 第 10 行.
NOTIC: [2048] Declaration of Common\Model\PositionModel::find() should be compatible with Think\Model::find($options = Array) C:\wamp\www\news\Application\Common\Model\PositionModel.class.php 第 5 行.
SQL: SHOW COLUMNS FROM `cms_position` [ RunTime:0.0005s ]
SQL: UPDATE `cms_position` SET `status`='0' WHERE ( id=17 ) [ RunTime:0.0006s ]

[ 2017-01-12T15:40:04+08:00 ] 127.0.0.1 /admin.php?c=position&a=setStatus
INFO: [ app_begin ] --START--
INFO: Run Behavior\ReadHtmlCacheBehavior [ RunTime:0.000915s ]
INFO: [ app_begin ] --END-- [ RunTime:0.001827s ]
NOTIC: [2048] Declaration of Admin\Controller\PositionController::setStatus() should be compatible with Admin\Controller\CommonController::setStatus($data, $models) C:\wamp\www\news\Application\Admin\Controller\PositionController.class.php 第 10 行.
NOTIC: [2048] Declaration of Common\Model\PositionModel::find() should be compatible with Think\Model::find($options = Array) C:\wamp\www\news\Application\Common\Model\PositionModel.class.php 第 5 行.
SQL: SHOW COLUMNS FROM `cms_position` [ RunTime:0.0343s ]
SQL: UPDATE `cms_position` SET `status`='1' WHERE ( id=17 ) [ RunTime:0.0004s ]

[ 2017-01-12T15:40:06+08:00 ] 127.0.0.1 /admin.php?c=position&a=setStatus
INFO: [ app_begin ] --START--
INFO: Run Behavior\ReadHtmlCacheBehavior [ RunTime:0.000588s ]
INFO: [ app_begin ] --END-- [ RunTime:0.001252s ]
NOTIC: [2048] Declaration of Admin\Controller\PositionController::setStatus() should be compatible with Admin\Controller\CommonController::setStatus($data, $models) C:\wamp\www\news\Application\Admin\Controller\PositionController.class.php 第 10 行.
NOTIC: [2048] Declaration of Common\Model\PositionModel::find() should be compatible with Think\Model::find($options = Array) C:\wamp\www\news\Application\Common\Model\PositionModel.class.php 第 5 行.
SQL: SHOW COLUMNS FROM `cms_position` [ RunTime:0.0006s ]
SQL: UPDATE `cms_position` SET `status`='1' WHERE ( id=17 ) [ RunTime:0.0003s ]

[ 2017-01-12T15:40:06+08:00 ] 127.0.0.1 /admin.php?c=position&a=setStatus
INFO: [ app_begin ] --START--
INFO: Run Behavior\ReadHtmlCacheBehavior [ RunTime:0.000610s ]
INFO: [ app_begin ] --END-- [ RunTime:0.001428s ]
NOTIC: [2048] Declaration of Admin\Controller\PositionController::setStatus() should be compatible with Admin\Controller\CommonController::setStatus($data, $models) C:\wamp\www\news\Application\Admin\Controller\PositionController.class.php 第 10 行.
NOTIC: [2048] Declaration of Common\Model\PositionModel::find() should be compatible with Think\Model::find($options = Array) C:\wamp\www\news\Application\Common\Model\PositionModel.class.php 第 5 行.
SQL: SHOW COLUMNS FROM `cms_position` [ RunTime:0.0006s ]
SQL: UPDATE `cms_position` SET `status`='1' WHERE ( id=17 ) [ RunTime:0.0003s ]

[ 2017-01-12T15:40:07+08:00 ] 127.0.0.1 /admin.php?c=position&a=setStatus
INFO: [ app_begin ] --START--
INFO: Run Behavior\ReadHtmlCacheBehavior [ RunTime:0.000590s ]
INFO: [ app_begin ] --END-- [ RunTime:0.001561s ]
NOTIC: [2048] Declaration of Admin\Controller\PositionController::setStatus() should be compatible with Admin\Controller\CommonController::setStatus($data, $models) C:\wamp\www\news\Application\Admin\Controller\PositionController.class.php 第 10 行.
NOTIC: [2048] Declaration of Common\Model\PositionModel::find() should be compatible with Think\Model::find($options = Array) C:\wamp\www\news\Application\Common\Model\PositionModel.class.php 第 5 行.
SQL: SHOW COLUMNS FROM `cms_position` [ RunTime:0.0005s ]
SQL: UPDATE `cms_position` SET `status`='1' WHERE ( id=17 ) [ RunTime:0.0006s ]

[ 2017-01-12T15:40:07+08:00 ] 127.0.0.1 /admin.php?c=position&a=setStatus
INFO: [ app_begin ] --START--
INFO: Run Behavior\ReadHtmlCacheBehavior [ RunTime:0.000579s ]
INFO: [ app_begin ] --END-- [ RunTime:0.001287s ]
NOTIC: [2048] Declaration of Admin\Controller\PositionController::setStatus() should be compatible with Admin\Controller\CommonController::setStatus($data, $models) C:\wamp\www\news\Application\Admin\Controller\PositionController.class.php 第 10 行.
NOTIC: [2048] Declaration of Common\Model\PositionModel::find() should be compatible with Think\Model::find($options = Array) C:\wamp\www\news\Application\Common\Model\PositionModel.class.php 第 5 行.
SQL: SHOW COLUMNS FROM `cms_position` [ RunTime:0.0006s ]
SQL: UPDATE `cms_position` SET `status`='1' WHERE ( id=17 ) [ RunTime:0.0004s ]

[ 2017-01-12T15:40:21+08:00 ] 127.0.0.1 /admin.php?c=position&a=setStatus
INFO: [ app_begin ] --START--
INFO: Run Behavior\ReadHtmlCacheBehavior [ RunTime:0.000954s ]
INFO: [ app_begin ] --END-- [ RunTime:0.001738s ]
NOTIC: [2048] Declaration of Admin\Controller\PositionController::setStatus() should be compatible with Admin\Controller\CommonController::setStatus($data, $models) C:\wamp\www\news\Application\Admin\Controller\PositionController.class.php 第 10 行.
NOTIC: [2048] Declaration of Common\Model\PositionModel::find() should be compatible with Think\Model::find($options = Array) C:\wamp\www\news\Application\Common\Model\PositionModel.class.php 第 5 行.
SQL: SHOW COLUMNS FROM `cms_position` [ RunTime:0.0005s ]
SQL: UPDATE `cms_position` SET `status`='1' WHERE ( id=17 ) [ RunTime:0.0004s ]

[ 2017-01-12T15:40:30+08:00 ] 127.0.0.1 /admin.php?c=position&a=setStatus
INFO: [ app_begin ] --START--
INFO: Run Behavior\ReadHtmlCacheBehavior [ RunTime:0.000610s ]
INFO: [ app_begin ] --END-- [ RunTime:0.001321s ]
NOTIC: [2048] Declaration of Admin\Controller\PositionController::setStatus() should be compatible with Admin\Controller\CommonController::setStatus($data, $models) C:\wamp\www\news\Application\Admin\Controller\PositionController.class.php 第 10 行.
NOTIC: [2048] Declaration of Common\Model\PositionModel::find() should be compatible with Think\Model::find($options = Array) C:\wamp\www\news\Application\Common\Model\PositionModel.class.php 第 5 行.
SQL: SHOW COLUMNS FROM `cms_position` [ RunTime:0.0236s ]
SQL: UPDATE `cms_position` SET `status`='1' WHERE ( id=17 ) [ RunTime:0.0003s ]

[ 2017-01-12T15:40:41+08:00 ] 127.0.0.1 /admin.php?c=position&a=setStatus
INFO: [ app_begin ] --START--
INFO: Run Behavior\ReadHtmlCacheBehavior [ RunTime:0.000592s ]
INFO: [ app_begin ] --END-- [ RunTime:0.001292s ]
NOTIC: [2048] Declaration of Admin\Controller\PositionController::setStatus() should be compatible with Admin\Controller\CommonController::setStatus($data, $models) C:\wamp\www\news\Application\Admin\Controller\PositionController.class.php 第 10 行.
NOTIC: [2048] Declaration of Common\Model\PositionModel::find() should be compatible with Think\Model::find($options = Array) C:\wamp\www\news\Application\Common\Model\PositionModel.class.php 第 5 行.
SQL: SHOW COLUMNS FROM `cms_position` [ RunTime:0.0313s ]
SQL: UPDATE `cms_position` SET `status`='1' WHERE ( id=17 ) [ RunTime:0.0003s ]

[ 2017-01-12T15:40:54+08:00 ] 127.0.0.1 /admin.php?c=positioncontent&a=setStatus
INFO: [ app_begin ] --START--
INFO: Run Behavior\ReadHtmlCacheBehavior [ RunTime:0.000928s ]
INFO: [ app_begin ] --END-- [ RunTime:0.002285s ]
NOTIC: [2048] Declaration of Admin\Controller\PositioncontentController::setStatus() should be compatible with Admin\Controller\CommonController::setStatus($data, $models) C:\wamp\www\news\Application\Admin\Controller\PositioncontentController.class.php 第 9 行.

[ 2017-01-12T15:42:59+08:00 ] 127.0.0.1 /admin.php?c=positioncontent&a=setStatus
INFO: [ app_begin ] --START--
INFO: Run Behavior\ReadHtmlCacheBehavior [ RunTime:0.000686s ]
INFO: [ app_begin ] --END-- [ RunTime:0.001409s ]
NOTIC: [2048] Declaration of Admin\Controller\PositioncontentController::setStatus() should be compatible with Admin\Controller\CommonController::setStatus($data, $models) C:\wamp\www\news\Application\Admin\Controller\PositioncontentController.class.php 第 9 行.

[ 2017-01-12T15:43:24+08:00 ] 127.0.0.1 /admin.php?c=positioncontent&a=setStatus
INFO: [ app_begin ] --START--
INFO: Run Behavior\ReadHtmlCacheBehavior [ RunTime:0.000898s ]
INFO: [ app_begin ] --END-- [ RunTime:0.001693s ]
NOTIC: [2048] Declaration of Admin\Controller\PositioncontentController::setStatus() should be compatible with Admin\Controller\CommonController::setStatus($data, $models) C:\wamp\www\news\Application\Admin\Controller\PositioncontentController.class.php 第 9 行.
NOTIC: [2048] Declaration of Common\Model\PositionContentModel::find() should be compatible with Think\Model::find($options = Array) C:\wamp\www\news\Application\Common\Model\PositionContentModel.class.php 第 9 行.
SQL: SHOW COLUMNS FROM `cms_position_content` [ RunTime:0.0007s ]
ERR: Think\Model:updateStatusById方法不存在！

[ 2017-01-12T15:45:13+08:00 ] 127.0.0.1 /admin.php?c=positioncontent&a=setStatus
INFO: [ app_begin ] --START--
INFO: Run Behavior\ReadHtmlCacheBehavior [ RunTime:0.000786s ]
INFO: [ app_begin ] --END-- [ RunTime:0.001528s ]
NOTIC: [2048] Declaration of Admin\Controller\PositioncontentController::setStatus() should be compatible with Admin\Controller\CommonController::setStatus($data, $models) C:\wamp\www\news\Application\Admin\Controller\PositioncontentController.class.php 第 9 行.
NOTIC: [2048] Declaration of Common\Model\PositionContentModel::find() should be compatible with Think\Model::find($options = Array) C:\wamp\www\news\Application\Common\Model\PositionContentModel.class.php 第 9 行.
SQL: SHOW COLUMNS FROM `cms_position_content` [ RunTime:0.0006s ]
ERR: Think\Model:updateStatusById方法不存在！

[ 2017-01-12T15:45:17+08:00 ] 127.0.0.1 /admin.php?c=positioncontent&a=setStatus
INFO: [ app_begin ] --START--
INFO: Run Behavior\ReadHtmlCacheBehavior [ RunTime:0.001364s ]
INFO: [ app_begin ] --END-- [ RunTime:0.002419s ]
NOTIC: [2048] Declaration of Admin\Controller\PositioncontentController::setStatus() should be compatible with Admin\Controller\CommonController::setStatus($data, $models) C:\wamp\www\news\Application\Admin\Controller\PositioncontentController.class.php 第 9 行.
NOTIC: [2048] Declaration of Common\Model\PositionContentModel::find() should be compatible with Think\Model::find($options = Array) C:\wamp\www\news\Application\Common\Model\PositionContentModel.class.php 第 9 行.
SQL: SHOW COLUMNS FROM `cms_position_content` [ RunTime:0.0008s ]
ERR: Think\Model:updateStatusById方法不存在！

[ 2017-01-12T15:46:43+08:00 ] 127.0.0.1 /admin.php?c=positioncontent&a=setStatus
INFO: [ app_begin ] --START--
INFO: Run Behavior\ReadHtmlCacheBehavior [ RunTime:0.003045s ]
INFO: [ app_begin ] --END-- [ RunTime:0.004830s ]
NOTIC: [2048] Declaration of Admin\Controller\PositioncontentController::setStatus() should be compatible with Admin\Controller\CommonController::setStatus($data, $models) C:\wamp\www\news\Application\Admin\Controller\PositioncontentController.class.php 第 9 行.
NOTIC: [2048] Declaration of Common\Model\PositionContentModel::find() should be compatible with Think\Model::find($options = Array) C:\wamp\www\news\Application\Common\Model\PositionContentModel.class.php 第 9 行.
SQL: SHOW COLUMNS FROM `cms_position_content` [ RunTime:0.0204s ]
ERR: Think\Model:updateStatusById方法不存在！

[ 2017-01-12T15:46:49+08:00 ] 127.0.0.1 /admin.php?c=position&a=setStatus
INFO: [ app_begin ] --START--
INFO: Run Behavior\ReadHtmlCacheBehavior [ RunTime:0.000920s ]
INFO: [ app_begin ] --END-- [ RunTime:0.001848s ]
NOTIC: [2048] Declaration of Admin\Controller\PositionController::setStatus() should be compatible with Admin\Controller\CommonController::setStatus($data, $models) C:\wamp\www\news\Application\Admin\Controller\PositionController.class.php 第 10 行.
NOTIC: [2048] Declaration of Common\Model\PositionModel::find() should be compatible with Think\Model::find($options = Array) C:\wamp\www\news\Application\Common\Model\PositionModel.class.php 第 5 行.
SQL: SHOW COLUMNS FROM `cms_position` [ RunTime:0.0245s ]
ERR: Think\Model:updateStatusById方法不存在！

[ 2017-01-12T15:48:37+08:00 ] 127.0.0.1 /admin.php?c=content&a=setStatus
INFO: [ app_begin ] --START--
INFO: Run Behavior\ReadHtmlCacheBehavior [ RunTime:0.000609s ]
INFO: [ app_begin ] --END-- [ RunTime:0.001332s ]
NOTIC: [2048] Declaration of Admin\Controller\ContentController::setStatus() should be compatible with Admin\Controller\CommonController::setStatus($data, $models) C:\wamp\www\news\Application\Admin\Controller\ContentController.class.php 第 9 行.
NOTIC: [8] Undefined index: news_id C:\wamp\www\news\Application\Admin\Controller\ContentController.class.php 第 183 行.

[ 2017-01-12T15:49:52+08:00 ] 127.0.0.1 /admin.php?c=content&a=setStatus
INFO: [ app_begin ] --START--
INFO: Run Behavior\ReadHtmlCacheBehavior [ RunTime:0.000719s ]
INFO: [ app_begin ] --END-- [ RunTime:0.001792s ]
NOTIC: [2048] Declaration of Admin\Controller\ContentController::setStatus() should be compatible with Admin\Controller\CommonController::setStatus($data, $models) C:\wamp\www\news\Application\Admin\Controller\ContentController.class.php 第 9 行.
NOTIC: [2048] Declaration of Common\Model\MenuModel::find() should be compatible with Think\Model::find($options = Array) C:\wamp\www\news\Application\Common\Model\MenuModel.class.php 第 5 行.
SQL: SHOW COLUMNS FROM `cms_menu` [ RunTime:0.0006s ]
ERR: Think\Model:updateStatusById方法不存在！

[ 2017-01-12T15:51:15+08:00 ] 127.0.0.1 /admin.php?c=positioncontent&a=setStatus
INFO: [ app_begin ] --START--
INFO: Run Behavior\ReadHtmlCacheBehavior [ RunTime:0.000875s ]
INFO: [ app_begin ] --END-- [ RunTime:0.002066s ]
NOTIC: [2048] Declaration of Admin\Controller\PositioncontentController::setStatus() should be compatible with Admin\Controller\CommonController::setStatus($data, $models) C:\wamp\www\news\Application\Admin\Controller\PositioncontentController.class.php 第 9 行.
NOTIC: [2048] Declaration of Common\Model\PositionContentModel::find() should be compatible with Think\Model::find($options = Array) C:\wamp\www\news\Application\Common\Model\PositionContentModel.class.php 第 9 行.
SQL: SHOW COLUMNS FROM `cms_position_content` [ RunTime:0.0006s ]
ERR: Think\Model:updateStatusById方法不存在！

[ 2017-01-12T15:51:16+08:00 ] 127.0.0.1 /admin.php?c=positioncontent&a=setStatus
INFO: [ app_begin ] --START--
INFO: Run Behavior\ReadHtmlCacheBehavior [ RunTime:0.000652s ]
INFO: [ app_begin ] --END-- [ RunTime:0.001418s ]
NOTIC: [2048] Declaration of Admin\Controller\PositioncontentController::setStatus() should be compatible with Admin\Controller\CommonController::setStatus($data, $models) C:\wamp\www\news\Application\Admin\Controller\PositioncontentController.class.php 第 9 行.
NOTIC: [2048] Declaration of Common\Model\PositionContentModel::find() should be compatible with Think\Model::find($options = Array) C:\wamp\www\news\Application\Common\Model\PositionContentModel.class.php 第 9 行.
SQL: SHOW COLUMNS FROM `cms_position_content` [ RunTime:0.0006s ]
ERR: Think\Model:updateStatusById方法不存在！

[ 2017-01-12T15:51:16+08:00 ] 127.0.0.1 /admin.php?c=positioncontent&a=setStatus
INFO: [ app_begin ] --START--
INFO: Run Behavior\ReadHtmlCacheBehavior [ RunTime:0.000680s ]
INFO: [ app_begin ] --END-- [ RunTime:0.001477s ]
NOTIC: [2048] Declaration of Admin\Controller\PositioncontentController::setStatus() should be compatible with Admin\Controller\CommonController::setStatus($data, $models) C:\wamp\www\news\Application\Admin\Controller\PositioncontentController.class.php 第 9 行.
NOTIC: [2048] Declaration of Common\Model\PositionContentModel::find() should be compatible with Think\Model::find($options = Array) C:\wamp\www\news\Application\Common\Model\PositionContentModel.class.php 第 9 行.
SQL: SHOW COLUMNS FROM `cms_position_content` [ RunTime:0.0007s ]
ERR: Think\Model:updateStatusById方法不存在！

[ 2017-01-12T15:51:16+08:00 ] 127.0.0.1 /admin.php?c=positioncontent&a=setStatus
INFO: [ app_begin ] --START--
INFO: Run Behavior\ReadHtmlCacheBehavior [ RunTime:0.000979s ]
INFO: [ app_begin ] --END-- [ RunTime:0.002316s ]
NOTIC: [2048] Declaration of Admin\Controller\PositioncontentController::setStatus() should be compatible with Admin\Controller\CommonController::setStatus($data, $models) C:\wamp\www\news\Application\Admin\Controller\PositioncontentController.class.php 第 9 行.
NOTIC: [2048] Declaration of Common\Model\PositionContentModel::find() should be compatible with Think\Model::find($options = Array) C:\wamp\www\news\Application\Common\Model\PositionContentModel.class.php 第 9 行.
SQL: SHOW COLUMNS FROM `cms_position_content` [ RunTime:0.0008s ]
ERR: Think\Model:updateStatusById方法不存在！

[ 2017-01-12T15:51:16+08:00 ] 127.0.0.1 /admin.php?c=positioncontent&a=setStatus
INFO: [ app_begin ] --START--
INFO: Run Behavior\ReadHtmlCacheBehavior [ RunTime:0.001108s ]
INFO: [ app_begin ] --END-- [ RunTime:0.002167s ]
NOTIC: [2048] Declaration of Admin\Controller\PositioncontentController::setStatus() should be compatible with Admin\Controller\CommonController::setStatus($data, $models) C:\wamp\www\news\Application\Admin\Controller\PositioncontentController.class.php 第 9 行.
NOTIC: [2048] Declaration of Common\Model\PositionContentModel::find() should be compatible with Think\Model::find($options = Array) C:\wamp\www\news\Application\Common\Model\PositionContentModel.class.php 第 9 行.
SQL: SHOW COLUMNS FROM `cms_position_content` [ RunTime:0.0006s ]
ERR: Think\Model:updateStatusById方法不存在！

[ 2017-01-12T15:51:16+08:00 ] 127.0.0.1 /admin.php?c=positioncontent&a=setStatus
INFO: [ app_begin ] --START--
INFO: Run Behavior\ReadHtmlCacheBehavior [ RunTime:0.000773s ]
INFO: [ app_begin ] --END-- [ RunTime:0.001849s ]
NOTIC: [2048] Declaration of Admin\Controller\PositioncontentController::setStatus() should be compatible with Admin\Controller\CommonController::setStatus($data, $models) C:\wamp\www\news\Application\Admin\Controller\PositioncontentController.class.php 第 9 行.
NOTIC: [2048] Declaration of Common\Model\PositionContentModel::find() should be compatible with Think\Model::find($options = Array) C:\wamp\www\news\Application\Common\Model\PositionContentModel.class.php 第 9 行.
SQL: SHOW COLUMNS FROM `cms_position_content` [ RunTime:0.0006s ]
ERR: Think\Model:updateStatusById方法不存在！

[ 2017-01-12T15:52:53+08:00 ] 127.0.0.1 /admin.php?c=positioncontent&a=setStatus
INFO: [ app_begin ] --START--
INFO: Run Behavior\ReadHtmlCacheBehavior [ RunTime:0.002559s ]
INFO: [ app_begin ] --END-- [ RunTime:0.004629s ]
NOTIC: [2048] Declaration of Admin\Controller\PositioncontentController::setStatus() should be compatible with Admin\Controller\CommonController::setStatus($data, $models) C:\wamp\www\news\Application\Admin\Controller\PositioncontentController.class.php 第 9 行.
NOTIC: [2048] Declaration of Common\Model\PositionContentModel::find() should be compatible with Think\Model::find($options = Array) C:\wamp\www\news\Application\Common\Model\PositionContentModel.class.php 第 9 行.
SQL: SHOW COLUMNS FROM `cms_position_content` [ RunTime:0.0007s ]
SQL: UPDATE `cms_position_content` SET `status`='0' WHERE ( id=42 ) [ RunTime:0.0005s ]

[ 2017-01-12T15:53:58+08:00 ] 127.0.0.1 /admin.php?c=positioncontent&a=setStatus
INFO: [ app_begin ] --START--
INFO: Run Behavior\ReadHtmlCacheBehavior [ RunTime:0.000635s ]
INFO: [ app_begin ] --END-- [ RunTime:0.001548s ]
NOTIC: [2048] Declaration of Admin\Controller\PositioncontentController::setStatus() should be compatible with Admin\Controller\CommonController::setStatus($data, $models) C:\wamp\www\news\Application\Admin\Controller\PositioncontentController.class.php 第 9 行.

[ 2017-01-12T15:54:36+08:00 ] 127.0.0.1 /admin.php?c=positioncontent&a=setStatus
INFO: [ app_begin ] --START--
INFO: Run Behavior\ReadHtmlCacheBehavior [ RunTime:0.001611s ]
INFO: [ app_begin ] --END-- [ RunTime:0.002676s ]
NOTIC: [2048] Declaration of Admin\Controller\PositioncontentController::setStatus() should be compatible with Admin\Controller\CommonController::setStatus($data, $models) C:\wamp\www\news\Application\Admin\Controller\PositioncontentController.class.php 第 9 行.
NOTIC: [2048] Declaration of Common\Model\PositionContentModel::find() should be compatible with Think\Model::find($options = Array) C:\wamp\www\news\Application\Common\Model\PositionContentModel.class.php 第 9 行.
SQL: SHOW COLUMNS FROM `cms_position_content` [ RunTime:0.0007s ]
SQL: UPDATE `cms_position_content` SET `status`='1' WHERE ( id=42 ) [ RunTime:0.0005s ]

[ 2017-01-12T15:54:41+08:00 ] 127.0.0.1 /admin.php?c=position&a=setStatus
INFO: [ app_begin ] --START--
INFO: Run Behavior\ReadHtmlCacheBehavior [ RunTime:0.000576s ]
INFO: [ app_begin ] --END-- [ RunTime:0.001442s ]
NOTIC: [2048] Declaration of Admin\Controller\PositionController::setStatus() should be compatible with Admin\Controller\CommonController::setStatus($data, $models) C:\wamp\www\news\Application\Admin\Controller\PositionController.class.php 第 10 行.
NOTIC: [2048] Declaration of Common\Model\PositionModel::find() should be compatible with Think\Model::find($options = Array) C:\wamp\www\news\Application\Common\Model\PositionModel.class.php 第 5 行.
SQL: SHOW COLUMNS FROM `cms_position` [ RunTime:0.0006s ]
SQL: UPDATE `cms_position` SET `status`='0' WHERE ( id=17 ) [ RunTime:0.0003s ]

[ 2017-01-12T15:55:40+08:00 ] 127.0.0.1 /admin.php?c=content&a=setStatus
INFO: [ app_begin ] --START--
INFO: Run Behavior\ReadHtmlCacheBehavior [ RunTime:0.000868s ]
INFO: [ app_begin ] --END-- [ RunTime:0.001996s ]
NOTIC: [2048] Declaration of Admin\Controller\ContentController::setStatus() should be compatible with Admin\Controller\CommonController::setStatus($data, $models) C:\wamp\www\news\Application\Admin\Controller\ContentController.class.php 第 9 行.
NOTIC: [8] Undefined index: news_id C:\wamp\www\news\Application\Admin\Controller\ContentController.class.php 第 183 行.

[ 2017-01-12T15:55:44+08:00 ] 127.0.0.1 /admin.php?c=content&a=setStatus
INFO: [ app_begin ] --START--
INFO: Run Behavior\ReadHtmlCacheBehavior [ RunTime:0.000754s ]
INFO: [ app_begin ] --END-- [ RunTime:0.001493s ]
NOTIC: [2048] Declaration of Admin\Controller\ContentController::setStatus() should be compatible with Admin\Controller\CommonController::setStatus($data, $models) C:\wamp\www\news\Application\Admin\Controller\ContentController.class.php 第 9 行.
NOTIC: [8] Undefined index: news_id C:\wamp\www\news\Application\Admin\Controller\ContentController.class.php 第 183 行.

[ 2017-01-12T15:57:07+08:00 ] 127.0.0.1 /admin.php?c=content&a=setStatus
INFO: [ app_begin ] --START--
INFO: Run Behavior\ReadHtmlCacheBehavior [ RunTime:0.000864s ]
INFO: [ app_begin ] --END-- [ RunTime:0.001686s ]
NOTIC: [2048] Declaration of Admin\Controller\ContentController::setStatus() should be compatible with Admin\Controller\CommonController::setStatus($data, $models) C:\wamp\www\news\Application\Admin\Controller\ContentController.class.php 第 9 行.
NOTIC: [8] Undefined index: news_id C:\wamp\www\news\Application\Admin\Controller\ContentController.class.php 第 183 行.

[ 2017-01-12T15:58:03+08:00 ] 127.0.0.1 /admin.php?c=content&a=setStatus
INFO: [ app_begin ] --START--
INFO: Run Behavior\ReadHtmlCacheBehavior [ RunTime:0.000692s ]
INFO: [ app_begin ] --END-- [ RunTime:0.001495s ]
NOTIC: [2048] Declaration of Admin\Controller\ContentController::setStatus() should be compatible with Admin\Controller\CommonController::setStatus($data, $models) C:\wamp\www\news\Application\Admin\Controller\ContentController.class.php 第 9 行.
NOTIC: [8] Undefined index: news_id C:\wamp\www\news\Application\Admin\Controller\ContentController.class.php 第 183 行.

[ 2017-01-12T15:58:15+08:00 ] 127.0.0.1 /admin.php?c=content&a=setStatus
INFO: [ app_begin ] --START--
INFO: Run Behavior\ReadHtmlCacheBehavior [ RunTime:0.000662s ]
INFO: [ app_begin ] --END-- [ RunTime:0.001390s ]
NOTIC: [2048] Declaration of Admin\Controller\ContentController::setStatus() should be compatible with Admin\Controller\CommonController::setStatus($data, $models) C:\wamp\www\news\Application\Admin\Controller\ContentController.class.php 第 9 行.
NOTIC: [8] Undefined index: news_id C:\wamp\www\news\Application\Admin\Controller\ContentController.class.php 第 183 行.

[ 2017-01-12T15:58:15+08:00 ] 127.0.0.1 /admin.php?c=content&a=setStatus
INFO: [ app_begin ] --START--
INFO: Run Behavior\ReadHtmlCacheBehavior [ RunTime:0.000626s ]
INFO: [ app_begin ] --END-- [ RunTime:0.001467s ]
NOTIC: [2048] Declaration of Admin\Controller\ContentController::setStatus() should be compatible with Admin\Controller\CommonController::setStatus($data, $models) C:\wamp\www\news\Application\Admin\Controller\ContentController.class.php 第 9 行.
NOTIC: [8] Undefined index: news_id C:\wamp\www\news\Application\Admin\Controller\ContentController.class.php 第 183 行.

[ 2017-01-12T15:58:15+08:00 ] 127.0.0.1 /admin.php?c=content&a=setStatus
INFO: [ app_begin ] --START--
INFO: Run Behavior\ReadHtmlCacheBehavior [ RunTime:0.000635s ]
INFO: [ app_begin ] --END-- [ RunTime:0.001421s ]
NOTIC: [2048] Declaration of Admin\Controller\ContentController::setStatus() should be compatible with Admin\Controller\CommonController::setStatus($data, $models) C:\wamp\www\news\Application\Admin\Controller\ContentController.class.php 第 9 行.
NOTIC: [8] Undefined index: news_id C:\wamp\www\news\Application\Admin\Controller\ContentController.class.php 第 183 行.

[ 2017-01-12T15:58:16+08:00 ] 127.0.0.1 /admin.php?c=content&a=setStatus
INFO: [ app_begin ] --START--
INFO: Run Behavior\ReadHtmlCacheBehavior [ RunTime:0.000629s ]
INFO: [ app_begin ] --END-- [ RunTime:0.001391s ]
NOTIC: [2048] Declaration of Admin\Controller\ContentController::setStatus() should be compatible with Admin\Controller\CommonController::setStatus($data, $models) C:\wamp\www\news\Application\Admin\Controller\ContentController.class.php 第 9 行.
NOTIC: [8] Undefined index: news_id C:\wamp\www\news\Application\Admin\Controller\ContentController.class.php 第 183 行.

[ 2017-01-12T15:58:31+08:00 ] 127.0.0.1 /admin.php?c=content&a=setStatus
INFO: [ app_begin ] --START--
INFO: Run Behavior\ReadHtmlCacheBehavior [ RunTime:0.000851s ]
INFO: [ app_begin ] --END-- [ RunTime:0.001804s ]
NOTIC: [2048] Declaration of Admin\Controller\ContentController::setStatus() should be compatible with Admin\Controller\CommonController::setStatus($data, $models) C:\wamp\www\news\Application\Admin\Controller\ContentController.class.php 第 9 行.
NOTIC: [2048] Declaration of Common\Model\NewsModel::find() should be compatible with Think\Model::find($options = Array) C:\wamp\www\news\Application\Common\Model\NewsModel.class.php 第 8 行.
SQL: SHOW COLUMNS FROM `cms_news` [ RunTime:0.0014s ]
SQL: UPDATE `cms_news` SET `status`='0' WHERE ( news_id=30 ) [ RunTime:0.0306s ]

[ 2017-01-12T15:58:44+08:00 ] 127.0.0.1 /admin.php?c=content&a=setStatus
INFO: [ app_begin ] --START--
INFO: Run Behavior\ReadHtmlCacheBehavior [ RunTime:0.000620s ]
INFO: [ app_begin ] --END-- [ RunTime:0.001375s ]
NOTIC: [2048] Declaration of Admin\Controller\ContentController::setStatus() should be compatible with Admin\Controller\CommonController::setStatus($data, $models) C:\wamp\www\news\Application\Admin\Controller\ContentController.class.php 第 9 行.
NOTIC: [2048] Declaration of Common\Model\NewsModel::find() should be compatible with Think\Model::find($options = Array) C:\wamp\www\news\Application\Common\Model\NewsModel.class.php 第 8 行.
SQL: SHOW COLUMNS FROM `cms_news` [ RunTime:0.0350s ]
SQL: UPDATE `cms_news` SET `status`='0' WHERE ( news_id=30 ) [ RunTime:0.0004s ]

[ 2017-01-12T15:58:46+08:00 ] 127.0.0.1 /admin.php?c=content&a=setStatus
INFO: [ app_begin ] --START--
INFO: Run Behavior\ReadHtmlCacheBehavior [ RunTime:0.000899s ]
INFO: [ app_begin ] --END-- [ RunTime:0.002012s ]
NOTIC: [2048] Declaration of Admin\Controller\ContentController::setStatus() should be compatible with Admin\Controller\CommonController::setStatus($data, $models) C:\wamp\www\news\Application\Admin\Controller\ContentController.class.php 第 9 行.
NOTIC: [2048] Declaration of Common\Model\NewsModel::find() should be compatible with Think\Model::find($options = Array) C:\wamp\www\news\Application\Common\Model\NewsModel.class.php 第 8 行.
SQL: SHOW COLUMNS FROM `cms_news` [ RunTime:0.0007s ]
SQL: UPDATE `cms_news` SET `status`='0' WHERE ( news_id=30 ) [ RunTime:0.0008s ]

[ 2017-01-12T15:59:10+08:00 ] 127.0.0.1 /admin.php?c=content&a=setStatus
INFO: [ app_begin ] --START--
INFO: Run Behavior\ReadHtmlCacheBehavior [ RunTime:0.001488s ]
INFO: [ app_begin ] --END-- [ RunTime:0.002702s ]
NOTIC: [2048] Declaration of Admin\Controller\ContentController::setStatus() should be compatible with Admin\Controller\CommonController::setStatus($data, $models) C:\wamp\www\news\Application\Admin\Controller\ContentController.class.php 第 9 行.
NOTIC: [8] Undefined index: news_id C:\wamp\www\news\Application\Admin\Controller\ContentController.class.php 第 183 行.

[ 2017-01-12T15:59:17+08:00 ] 127.0.0.1 /admin.php?c=content&a=setStatus
INFO: [ app_begin ] --START--
INFO: Run Behavior\ReadHtmlCacheBehavior [ RunTime:0.000664s ]
INFO: [ app_begin ] --END-- [ RunTime:0.002051s ]
NOTIC: [2048] Declaration of Admin\Controller\ContentController::setStatus() should be compatible with Admin\Controller\CommonController::setStatus($data, $models) C:\wamp\www\news\Application\Admin\Controller\ContentController.class.php 第 9 行.
NOTIC: [8] Undefined index: news_id C:\wamp\www\news\Application\Admin\Controller\ContentController.class.php 第 183 行.

[ 2017-01-12T15:59:37+08:00 ] 127.0.0.1 /admin.php?c=content&a=setStatus
INFO: [ app_begin ] --START--
INFO: Run Behavior\ReadHtmlCacheBehavior [ RunTime:0.001540s ]
INFO: [ app_begin ] --END-- [ RunTime:0.003513s ]
NOTIC: [2048] Declaration of Admin\Controller\ContentController::setStatus() should be compatible with Admin\Controller\CommonController::setStatus($data, $models) C:\wamp\www\news\Application\Admin\Controller\ContentController.class.php 第 9 行.
NOTIC: [8] Undefined index: news_id C:\wamp\www\news\Application\Admin\Controller\ContentController.class.php 第 181 行.
NOTIC: [8] Undefined index: news_id C:\wamp\www\news\Application\Admin\Controller\ContentController.class.php 第 183 行.

[ 2017-01-12T16:00:26+08:00 ] 127.0.0.1 /admin.php?c=content&a=setStatus
INFO: [ app_begin ] --START--
INFO: Run Behavior\ReadHtmlCacheBehavior [ RunTime:0.001380s ]
INFO: [ app_begin ] --END-- [ RunTime:0.002420s ]
NOTIC: [2048] Declaration of Admin\Controller\ContentController::setStatus() should be compatible with Admin\Controller\CommonController::setStatus($data, $models) C:\wamp\www\news\Application\Admin\Controller\ContentController.class.php 第 9 行.
NOTIC: [2048] Declaration of Common\Model\NewsModel::find() should be compatible with Think\Model::find($options = Array) C:\wamp\www\news\Application\Common\Model\NewsModel.class.php 第 8 行.
SQL: SHOW COLUMNS FROM `cms_news` [ RunTime:0.0008s ]
SQL: UPDATE `cms_news` SET `status`='0' WHERE ( news_id=30 ) [ RunTime:0.0003s ]

[ 2017-01-12T16:00:56+08:00 ] 127.0.0.1 /admin.php?c=content&a=setStatus
INFO: [ app_begin ] --START--
INFO: Run Behavior\ReadHtmlCacheBehavior [ RunTime:0.000714s ]
INFO: [ app_begin ] --END-- [ RunTime:0.001506s ]
NOTIC: [2048] Declaration of Admin\Controller\ContentController::setStatus() should be compatible with Admin\Controller\CommonController::setStatus($data, $models) C:\wamp\www\news\Application\Admin\Controller\ContentController.class.php 第 9 行.
NOTIC: [2048] Declaration of Common\Model\NewsModel::find() should be compatible with Think\Model::find($options = Array) C:\wamp\www\news\Application\Common\Model\NewsModel.class.php 第 8 行.
SQL: SHOW COLUMNS FROM `cms_news` [ RunTime:0.0006s ]
SQL: UPDATE `cms_news` SET `status`='1' WHERE ( news_id=30 ) [ RunTime:0.0003s ]

[ 2017-01-12T16:01:24+08:00 ] 127.0.0.1 /admin.php?c=content&a=setStatus
INFO: [ app_begin ] --START--
INFO: Run Behavior\ReadHtmlCacheBehavior [ RunTime:0.001550s ]
INFO: [ app_begin ] --END-- [ RunTime:0.002391s ]
NOTIC: [2048] Declaration of Admin\Controller\ContentController::setStatus() should be compatible with Admin\Controller\CommonController::setStatus($data, $models) C:\wamp\www\news\Application\Admin\Controller\ContentController.class.php 第 9 行.
NOTIC: [2048] Declaration of Common\Model\NewsModel::find() should be compatible with Think\Model::find($options = Array) C:\wamp\www\news\Application\Common\Model\NewsModel.class.php 第 8 行.
SQL: SHOW COLUMNS FROM `cms_news` [ RunTime:0.0015s ]
SQL: UPDATE `cms_news` SET `status`='0' WHERE ( news_id=30 ) [ RunTime:0.0004s ]

[ 2017-01-12T16:02:09+08:00 ] 127.0.0.1 /admin.php?c=menu&a=setStatus
INFO: [ app_begin ] --START--
INFO: Run Behavior\ReadHtmlCacheBehavior [ RunTime:0.000836s ]
INFO: [ app_begin ] --END-- [ RunTime:0.001848s ]
NOTIC: [2048] Declaration of Admin\Controller\MenuController::setStatus() should be compatible with Admin\Controller\CommonController::setStatus($data, $models) C:\wamp\www\news\Application\Admin\Controller\MenuController.class.php 第 8 行.
NOTIC: [8] Undefined index: menu_id C:\wamp\www\news\Application\Admin\Controller\MenuController.class.php 第 89 行.

[ 2017-01-12T16:02:25+08:00 ] 127.0.0.1 /admin.php?c=menu&a=setStatus
INFO: [ app_begin ] --START--
INFO: Run Behavior\ReadHtmlCacheBehavior [ RunTime:0.000829s ]
INFO: [ app_begin ] --END-- [ RunTime:0.001629s ]
NOTIC: [2048] Declaration of Admin\Controller\MenuController::setStatus() should be compatible with Admin\Controller\CommonController::setStatus($data, $models) C:\wamp\www\news\Application\Admin\Controller\MenuController.class.php 第 8 行.
NOTIC: [8] Undefined index: menu_id C:\wamp\www\news\Application\Admin\Controller\MenuController.class.php 第 89 行.

[ 2017-01-12T16:02:40+08:00 ] 127.0.0.1 /admin.php?c=menu&a=setStatus
INFO: [ app_begin ] --START--
INFO: Run Behavior\ReadHtmlCacheBehavior [ RunTime:0.000765s ]
INFO: [ app_begin ] --END-- [ RunTime:0.001737s ]
NOTIC: [2048] Declaration of Admin\Controller\MenuController::setStatus() should be compatible with Admin\Controller\CommonController::setStatus($data, $models) C:\wamp\www\news\Application\Admin\Controller\MenuController.class.php 第 8 行.

[ 2017-01-12T16:02:45+08:00 ] 127.0.0.1 /admin.php?c=menu&a=setStatus
INFO: [ app_begin ] --START--
INFO: Run Behavior\ReadHtmlCacheBehavior [ RunTime:0.001597s ]
INFO: [ app_begin ] --END-- [ RunTime:0.002775s ]
NOTIC: [2048] Declaration of Admin\Controller\MenuController::setStatus() should be compatible with Admin\Controller\CommonController::setStatus($data, $models) C:\wamp\www\news\Application\Admin\Controller\MenuController.class.php 第 8 行.

[ 2017-01-12T16:02:49+08:00 ] 127.0.0.1 /admin.php?c=menu&a=setStatus
INFO: [ app_begin ] --START--
INFO: Run Behavior\ReadHtmlCacheBehavior [ RunTime:0.000804s ]
INFO: [ app_begin ] --END-- [ RunTime:0.001505s ]
NOTIC: [2048] Declaration of Admin\Controller\MenuController::setStatus() should be compatible with Admin\Controller\CommonController::setStatus($data, $models) C:\wamp\www\news\Application\Admin\Controller\MenuController.class.php 第 8 行.

[ 2017-01-12T16:03:11+08:00 ] 127.0.0.1 /admin.php?c=menu&a=setStatus
INFO: [ app_begin ] --START--
INFO: Run Behavior\ReadHtmlCacheBehavior [ RunTime:0.000814s ]
INFO: [ app_begin ] --END-- [ RunTime:0.001545s ]
NOTIC: [2048] Declaration of Admin\Controller\MenuController::setStatus() should be compatible with Admin\Controller\CommonController::setStatus($data, $models) C:\wamp\www\news\Application\Admin\Controller\MenuController.class.php 第 8 行.

[ 2017-01-12T16:03:16+08:00 ] 127.0.0.1 /admin.php?c=menu&a=setStatus
INFO: [ app_begin ] --START--
INFO: Run Behavior\ReadHtmlCacheBehavior [ RunTime:0.000775s ]
INFO: [ app_begin ] --END-- [ RunTime:0.001485s ]
NOTIC: [2048] Declaration of Admin\Controller\MenuController::setStatus() should be compatible with Admin\Controller\CommonController::setStatus($data, $models) C:\wamp\www\news\Application\Admin\Controller\MenuController.class.php 第 8 行.

[ 2017-01-12T16:03:46+08:00 ] 127.0.0.1 /admin.php?c=menu&a=setStatus
INFO: [ app_begin ] --START--
INFO: Run Behavior\ReadHtmlCacheBehavior [ RunTime:0.001432s ]
INFO: [ app_begin ] --END-- [ RunTime:0.002765s ]
NOTIC: [2048] Declaration of Admin\Controller\MenuController::setStatus() should be compatible with Admin\Controller\CommonController::setStatus($data, $models) C:\wamp\www\news\Application\Admin\Controller\MenuController.class.php 第 8 行.

[ 2017-01-12T16:03:50+08:00 ] 127.0.0.1 /admin.php?c=menu&a=setStatus
INFO: [ app_begin ] --START--
INFO: Run Behavior\ReadHtmlCacheBehavior [ RunTime:0.000842s ]
INFO: [ app_begin ] --END-- [ RunTime:0.001629s ]
NOTIC: [2048] Declaration of Admin\Controller\MenuController::setStatus() should be compatible with Admin\Controller\CommonController::setStatus($data, $models) C:\wamp\www\news\Application\Admin\Controller\MenuController.class.php 第 8 行.
NOTIC: [2048] Declaration of Common\Model\MenuModel::find() should be compatible with Think\Model::find($options = Array) C:\wamp\www\news\Application\Common\Model\MenuModel.class.php 第 5 行.
SQL: SHOW COLUMNS FROM `cms_menu` [ RunTime:0.0006s ]
ERR: Think\Model:updateStatusById方法不存在！

[ 2017-01-12T16:03:57+08:00 ] 127.0.0.1 /admin.php?c=menu&a=setStatus
INFO: [ app_begin ] --START--
INFO: Run Behavior\ReadHtmlCacheBehavior [ RunTime:0.000702s ]
INFO: [ app_begin ] --END-- [ RunTime:0.001509s ]
NOTIC: [2048] Declaration of Admin\Controller\MenuController::setStatus() should be compatible with Admin\Controller\CommonController::setStatus($data, $models) C:\wamp\www\news\Application\Admin\Controller\MenuController.class.php 第 8 行.
NOTIC: [2048] Declaration of Common\Model\MenuModel::find() should be compatible with Think\Model::find($options = Array) C:\wamp\www\news\Application\Common\Model\MenuModel.class.php 第 5 行.
SQL: SHOW COLUMNS FROM `cms_menu` [ RunTime:0.0014s ]
ERR: Think\Model:updateStatusById方法不存在！

[ 2017-01-12T16:04:53+08:00 ] 127.0.0.1 /admin.php?c=menu&a=setStatus
INFO: [ app_begin ] --START--
INFO: Run Behavior\ReadHtmlCacheBehavior [ RunTime:0.000673s ]
INFO: [ app_begin ] --END-- [ RunTime:0.001424s ]
NOTIC: [2048] Declaration of Admin\Controller\MenuController::setStatus() should be compatible with Admin\Controller\CommonController::setStatus($data, $models) C:\wamp\www\news\Application\Admin\Controller\MenuController.class.php 第 8 行.
NOTIC: [2048] Declaration of Common\Model\MenuModel::find() should be compatible with Think\Model::find($options = Array) C:\wamp\www\news\Application\Common\Model\MenuModel.class.php 第 5 行.
SQL: SHOW COLUMNS FROM `cms_menu` [ RunTime:0.0006s ]
SQL: UPDATE `cms_menu` SET `status`='0' WHERE ( menu_id=1 ) [ RunTime:0.0418s ]

[ 2017-01-12T16:04:56+08:00 ] 127.0.0.1 /admin.php?c=menu&a=setStatus
INFO: [ app_begin ] --START--
INFO: Run Behavior\ReadHtmlCacheBehavior [ RunTime:0.000837s ]
INFO: [ app_begin ] --END-- [ RunTime:0.001561s ]
NOTIC: [2048] Declaration of Admin\Controller\MenuController::setStatus() should be compatible with Admin\Controller\CommonController::setStatus($data, $models) C:\wamp\www\news\Application\Admin\Controller\MenuController.class.php 第 8 行.
NOTIC: [2048] Declaration of Common\Model\MenuModel::find() should be compatible with Think\Model::find($options = Array) C:\wamp\www\news\Application\Common\Model\MenuModel.class.php 第 5 行.
SQL: SHOW COLUMNS FROM `cms_menu` [ RunTime:0.0017s ]
SQL: UPDATE `cms_menu` SET `status`='1' WHERE ( menu_id=1 ) [ RunTime:0.0005s ]

[ 2017-01-12T16:05:00+08:00 ] 127.0.0.1 /admin.php?c=content&a=setStatus
INFO: [ app_begin ] --START--
INFO: Run Behavior\ReadHtmlCacheBehavior [ RunTime:0.000790s ]
INFO: [ app_begin ] --END-- [ RunTime:0.001603s ]
NOTIC: [2048] Declaration of Admin\Controller\ContentController::setStatus() should be compatible with Admin\Controller\CommonController::setStatus($data, $models) C:\wamp\www\news\Application\Admin\Controller\ContentController.class.php 第 9 行.
NOTIC: [2048] Declaration of Common\Model\NewsModel::find() should be compatible with Think\Model::find($options = Array) C:\wamp\www\news\Application\Common\Model\NewsModel.class.php 第 8 行.
SQL: SHOW COLUMNS FROM `cms_news` [ RunTime:0.0006s ]
SQL: UPDATE `cms_news` SET `status`='1' WHERE ( news_id=30 ) [ RunTime:0.0003s ]

[ 2017-01-12T16:06:00+08:00 ] 127.0.0.1 /admin.php?c=positioncontent&a=setStatus
INFO: [ app_begin ] --START--
INFO: Run Behavior\ReadHtmlCacheBehavior [ RunTime:0.000867s ]
INFO: [ app_begin ] --END-- [ RunTime:0.001639s ]
NOTIC: [2048] Declaration of Admin\Controller\PositioncontentController::setStatus() should be compatible with Admin\Controller\CommonController::setStatus($data, $models) C:\wamp\www\news\Application\Admin\Controller\PositioncontentController.class.php 第 9 行.
NOTIC: [2048] Declaration of Common\Model\PositionContentModel::find() should be compatible with Think\Model::find($options = Array) C:\wamp\www\news\Application\Common\Model\PositionContentModel.class.php 第 9 行.
SQL: SHOW COLUMNS FROM `cms_position_content` [ RunTime:0.0016s ]
SQL: UPDATE `cms_position_content` SET `status`='-1' WHERE ( id=42 ) [ RunTime:0.0003s ]

