[ 2017-01-13T13:23:15+08:00 ] 127.0.0.1 /index.php?m=admin&c=login&a=check
INFO: [ app_begin ] --START--
INFO: Run Behavior\ReadHtmlCacheBehavior [ RunTime:0.001141s ]
INFO: [ app_begin ] --END-- [ RunTime:0.002653s ]
SQL: SHOW COLUMNS FROM `cms_admin` [ RunTime:0.1889s ]
SQL: SELECT * FROM `cms_admin` WHERE ( username="admin" ) LIMIT 1   [ RunTime:0.0235s ]

[ 2017-01-13T13:23:20+08:00 ] 127.0.0.1 /index.php?m=admin&c=login&a=check
INFO: [ app_begin ] --START--
INFO: Run Behavior\ReadHtmlCacheBehavior [ RunTime:0.000595s ]
INFO: [ app_begin ] --END-- [ RunTime:0.001322s ]
SQL: SHOW COLUMNS FROM `cms_admin` [ RunTime:0.0008s ]
SQL: SELECT * FROM `cms_admin` WHERE ( username="admin" ) LIMIT 1   [ RunTime:0.0004s ]

[ 2017-01-13T13:34:18+08:00 ] 127.0.0.1 /admin.php?c=positioncontent&a=listorder
INFO: [ app_begin ] --START--
INFO: Run Behavior\ReadHtmlCacheBehavior [ RunTime:0.000948s ]
INFO: [ app_begin ] --END-- [ RunTime:0.002028s ]
NOTIC: [2048] Declaration of Admin\Controller\PositioncontentController::setStatus() should be compatible with Admin\Controller\CommonController::setStatus($data, $models) C:\wamp\www\news\Application\Admin\Controller\PositioncontentController.class.php 第 9 行.
NOTIC: [2048] Declaration of Admin\Controller\PositioncontentController::listorder() should be compatible with Admin\Controller\CommonController::listorder($model = '') C:\wamp\www\news\Application\Admin\Controller\PositioncontentController.class.php 第 9 行.
NOTIC: [8] Undefined index: listorder C:\wamp\www\news\Application\Admin\Controller\CommonController.class.php 第 71 行.

[ 2017-01-13T13:34:31+08:00 ] 127.0.0.1 /admin.php?c=menu&a=listorder
INFO: [ app_begin ] --START--
INFO: Run Behavior\ReadHtmlCacheBehavior [ RunTime:0.000719s ]
INFO: [ app_begin ] --END-- [ RunTime:0.001554s ]
NOTIC: [2048] Declaration of Admin\Controller\MenuController::setStatus() should be compatible with Admin\Controller\CommonController::setStatus($data, $models) C:\wamp\www\news\Application\Admin\Controller\MenuController.class.php 第 8 行.
NOTIC: [2048] Declaration of Admin\Controller\MenuController::listorder() should be compatible with Admin\Controller\CommonController::listorder($model = '') C:\wamp\www\news\Application\Admin\Controller\MenuController.class.php 第 8 行.
NOTIC: [2048] Declaration of Common\Model\MenuModel::find() should be compatible with Think\Model::find($options = Array) C:\wamp\www\news\Application\Common\Model\MenuModel.class.php 第 5 行.
SQL: SHOW COLUMNS FROM `cms_menu` [ RunTime:0.0007s ]
SQL: UPDATE `cms_menu` SET `listorder`='10' WHERE ( menu_id=1 ) [ RunTime:0.0389s ]
SQL: UPDATE `cms_menu` SET `listorder`='9' WHERE ( menu_id=6 ) [ RunTime:0.0004s ]
SQL: UPDATE `cms_menu` SET `listorder`='4' WHERE ( menu_id=9 ) [ RunTime:0.0004s ]
SQL: UPDATE `cms_menu` SET `listorder`='3' WHERE ( menu_id=3 ) [ RunTime:0.0003s ]
SQL: UPDATE `cms_menu` SET `listorder`='1' WHERE ( menu_id=10 ) [ RunTime:0.0002s ]
SQL: UPDATE `cms_menu` SET `listorder`='5' WHERE ( menu_id=13 ) [ RunTime:0.0066s ]
SQL: UPDATE `cms_menu` SET `listorder`='0' WHERE ( menu_id=12 ) [ RunTime:0.0003s ]
SQL: UPDATE `cms_menu` SET `listorder`='0' WHERE ( menu_id=11 ) [ RunTime:0.0003s ]
SQL: UPDATE `cms_menu` SET `listorder`='0' WHERE ( menu_id=8 ) [ RunTime:0.0003s ]

[ 2017-01-13T13:37:06+08:00 ] 127.0.0.1 /admin.php?c=positioncontent&a=listorder
INFO: [ app_begin ] --START--
INFO: Run Behavior\ReadHtmlCacheBehavior [ RunTime:0.000772s ]
INFO: [ app_begin ] --END-- [ RunTime:0.001899s ]
NOTIC: [2048] Declaration of Admin\Controller\PositioncontentController::setStatus() should be compatible with Admin\Controller\CommonController::setStatus($data, $models) C:\wamp\www\news\Application\Admin\Controller\PositioncontentController.class.php 第 9 行.
NOTIC: [2048] Declaration of Admin\Controller\PositioncontentController::listorder() should be compatible with Admin\Controller\CommonController::listorder($model = '') C:\wamp\www\news\Application\Admin\Controller\PositioncontentController.class.php 第 9 行.
NOTIC: [8] Undefined index: listorder C:\wamp\www\news\Application\Admin\Controller\CommonController.class.php 第 71 行.

[ 2017-01-13T13:38:32+08:00 ] 127.0.0.1 /admin.php?c=positioncontent&a=listorder
INFO: [ app_begin ] --START--
INFO: Run Behavior\ReadHtmlCacheBehavior [ RunTime:0.001109s ]
INFO: [ app_begin ] --END-- [ RunTime:0.002511s ]
NOTIC: [2048] Declaration of Admin\Controller\PositioncontentController::setStatus() should be compatible with Admin\Controller\CommonController::setStatus($data, $models) C:\wamp\www\news\Application\Admin\Controller\PositioncontentController.class.php 第 9 行.
NOTIC: [2048] Declaration of Admin\Controller\PositioncontentController::listorder() should be compatible with Admin\Controller\CommonController::listorder($model = '') C:\wamp\www\news\Application\Admin\Controller\PositioncontentController.class.php 第 9 行.
NOTIC: [8] Undefined index: listorder C:\wamp\www\news\Application\Admin\Controller\CommonController.class.php 第 71 行.

[ 2017-01-13T13:40:16+08:00 ] 127.0.0.1 /admin.php?c=positioncontent&a=listorder
INFO: [ app_begin ] --START--
INFO: Run Behavior\ReadHtmlCacheBehavior [ RunTime:0.001237s ]
INFO: [ app_begin ] --END-- [ RunTime:0.002601s ]
NOTIC: [2048] Declaration of Admin\Controller\PositioncontentController::setStatus() should be compatible with Admin\Controller\CommonController::setStatus($data, $models) C:\wamp\www\news\Application\Admin\Controller\PositioncontentController.class.php 第 9 行.
NOTIC: [2048] Declaration of Admin\Controller\PositioncontentController::listorder() should be compatible with Admin\Controller\CommonController::listorder($model = '') C:\wamp\www\news\Application\Admin\Controller\PositioncontentController.class.php 第 9 行.
NOTIC: [8] Undefined index: listorder C:\wamp\www\news\Application\Admin\Controller\CommonController.class.php 第 71 行.

[ 2017-01-13T13:40:21+08:00 ] 127.0.0.1 /admin.php?c=positioncontent&a=listorder
INFO: [ app_begin ] --START--
INFO: Run Behavior\ReadHtmlCacheBehavior [ RunTime:0.000638s ]
INFO: [ app_begin ] --END-- [ RunTime:0.001371s ]
NOTIC: [2048] Declaration of Admin\Controller\PositioncontentController::setStatus() should be compatible with Admin\Controller\CommonController::setStatus($data, $models) C:\wamp\www\news\Application\Admin\Controller\PositioncontentController.class.php 第 9 行.
NOTIC: [2048] Declaration of Admin\Controller\PositioncontentController::listorder() should be compatible with Admin\Controller\CommonController::listorder($model = '') C:\wamp\www\news\Application\Admin\Controller\PositioncontentController.class.php 第 9 行.
NOTIC: [8] Undefined index: listorder C:\wamp\www\news\Application\Admin\Controller\CommonController.class.php 第 71 行.

[ 2017-01-13T13:40:36+08:00 ] 127.0.0.1 /admin.php?c=positioncontent&a=listorder
INFO: [ app_begin ] --START--
INFO: Run Behavior\ReadHtmlCacheBehavior [ RunTime:0.000734s ]
INFO: [ app_begin ] --END-- [ RunTime:0.001664s ]
NOTIC: [2048] Declaration of Admin\Controller\PositioncontentController::setStatus() should be compatible with Admin\Controller\CommonController::setStatus($data, $models) C:\wamp\www\news\Application\Admin\Controller\PositioncontentController.class.php 第 9 行.
NOTIC: [2048] Declaration of Admin\Controller\PositioncontentController::listorder() should be compatible with Admin\Controller\CommonController::listorder($model = '') C:\wamp\www\news\Application\Admin\Controller\PositioncontentController.class.php 第 9 行.
NOTIC: [8] Undefined index: listorder C:\wamp\www\news\Application\Admin\Controller\CommonController.class.php 第 71 行.

[ 2017-01-13T13:41:08+08:00 ] 127.0.0.1 /admin.php?c=positioncontent&a=listorder
INFO: [ app_begin ] --START--
INFO: Run Behavior\ReadHtmlCacheBehavior [ RunTime:0.000627s ]
INFO: [ app_begin ] --END-- [ RunTime:0.001440s ]
NOTIC: [2048] Declaration of Admin\Controller\PositioncontentController::setStatus() should be compatible with Admin\Controller\CommonController::setStatus($data, $models) C:\wamp\www\news\Application\Admin\Controller\PositioncontentController.class.php 第 9 行.
NOTIC: [2048] Declaration of Admin\Controller\PositioncontentController::listorder() should be compatible with Admin\Controller\CommonController::listorder($model = '') C:\wamp\www\news\Application\Admin\Controller\PositioncontentController.class.php 第 9 行.
NOTIC: [8] Undefined index: listorder C:\wamp\www\news\Application\Admin\Controller\CommonController.class.php 第 71 行.

[ 2017-01-13T13:41:11+08:00 ] 127.0.0.1 /admin.php?c=positioncontent&a=listorder
INFO: [ app_begin ] --START--
INFO: Run Behavior\ReadHtmlCacheBehavior [ RunTime:0.000652s ]
INFO: [ app_begin ] --END-- [ RunTime:0.001441s ]
NOTIC: [2048] Declaration of Admin\Controller\PositioncontentController::setStatus() should be compatible with Admin\Controller\CommonController::setStatus($data, $models) C:\wamp\www\news\Application\Admin\Controller\PositioncontentController.class.php 第 9 行.
NOTIC: [2048] Declaration of Admin\Controller\PositioncontentController::listorder() should be compatible with Admin\Controller\CommonController::listorder($model = '') C:\wamp\www\news\Application\Admin\Controller\PositioncontentController.class.php 第 9 行.
NOTIC: [8] Undefined index: listorder C:\wamp\www\news\Application\Admin\Controller\CommonController.class.php 第 71 行.

[ 2017-01-13T13:41:38+08:00 ] 127.0.0.1 /admin.php?c=menu&a=listorder
INFO: [ app_begin ] --START--
INFO: Run Behavior\ReadHtmlCacheBehavior [ RunTime:0.000758s ]
INFO: [ app_begin ] --END-- [ RunTime:0.001575s ]
NOTIC: [2048] Declaration of Admin\Controller\MenuController::setStatus() should be compatible with Admin\Controller\CommonController::setStatus($data, $models) C:\wamp\www\news\Application\Admin\Controller\MenuController.class.php 第 8 行.
NOTIC: [2048] Declaration of Admin\Controller\MenuController::listorder() should be compatible with Admin\Controller\CommonController::listorder($model = '') C:\wamp\www\news\Application\Admin\Controller\MenuController.class.php 第 8 行.
NOTIC: [2048] Declaration of Common\Model\MenuModel::find() should be compatible with Think\Model::find($options = Array) C:\wamp\www\news\Application\Common\Model\MenuModel.class.php 第 5 行.
SQL: SHOW COLUMNS FROM `cms_menu` [ RunTime:0.0015s ]
SQL: UPDATE `cms_menu` SET `listorder`='10' WHERE ( menu_id=1 ) [ RunTime:0.0004s ]
SQL: UPDATE `cms_menu` SET `listorder`='9' WHERE ( menu_id=6 ) [ RunTime:0.0002s ]
SQL: UPDATE `cms_menu` SET `listorder`='5' WHERE ( menu_id=13 ) [ RunTime:0.0003s ]
SQL: UPDATE `cms_menu` SET `listorder`='4' WHERE ( menu_id=9 ) [ RunTime:0.0002s ]
SQL: UPDATE `cms_menu` SET `listorder`='3' WHERE ( menu_id=3 ) [ RunTime:0.0002s ]
SQL: UPDATE `cms_menu` SET `listorder`='1' WHERE ( menu_id=10 ) [ RunTime:0.0002s ]
SQL: UPDATE `cms_menu` SET `listorder`='0' WHERE ( menu_id=12 ) [ RunTime:0.0002s ]
SQL: UPDATE `cms_menu` SET `listorder`='0' WHERE ( menu_id=11 ) [ RunTime:0.0002s ]
SQL: UPDATE `cms_menu` SET `listorder`='0' WHERE ( menu_id=8 ) [ RunTime:0.0002s ]

[ 2017-01-13T13:42:38+08:00 ] 127.0.0.1 /admin.php?c=positioncontent&a=listorder
INFO: [ app_begin ] --START--
INFO: Run Behavior\ReadHtmlCacheBehavior [ RunTime:0.000714s ]
INFO: [ app_begin ] --END-- [ RunTime:0.001994s ]
NOTIC: [2048] Declaration of Admin\Controller\PositioncontentController::setStatus() should be compatible with Admin\Controller\CommonController::setStatus($data, $models) C:\wamp\www\news\Application\Admin\Controller\PositioncontentController.class.php 第 9 行.
NOTIC: [2048] Declaration of Admin\Controller\PositioncontentController::listorder() should be compatible with Admin\Controller\CommonController::listorder($model = '') C:\wamp\www\news\Application\Admin\Controller\PositioncontentController.class.php 第 9 行.
NOTIC: [2048] Declaration of Common\Model\PositionContentModel::find() should be compatible with Think\Model::find($options = Array) C:\wamp\www\news\Application\Common\Model\PositionContentModel.class.php 第 9 行.
SQL: SHOW COLUMNS FROM `cms_position_content` [ RunTime:0.0008s ]
SQL: UPDATE `cms_position_content` SET `listorder`='4' WHERE ( id=41 ) [ RunTime:0.0004s ]
SQL: UPDATE `cms_position_content` SET `listorder`='5' WHERE ( id=40 ) [ RunTime:0.0004s ]
SQL: UPDATE `cms_position_content` SET `listorder`='2' WHERE ( id=37 ) [ RunTime:0.0010s ]
SQL: UPDATE `cms_position_content` SET `listorder`='0' WHERE ( id=35 ) [ RunTime:0.0003s ]
SQL: UPDATE `cms_position_content` SET `listorder`='0' WHERE ( id=34 ) [ RunTime:0.0003s ]
SQL: UPDATE `cms_position_content` SET `listorder`='0' WHERE ( id=28 ) [ RunTime:0.0003s ]
SQL: UPDATE `cms_position_content` SET `listorder`='0' WHERE ( id=27 ) [ RunTime:0.0003s ]

[ 2017-01-13T13:42:46+08:00 ] 127.0.0.1 /admin.php?c=positioncontent&a=listorder
INFO: [ app_begin ] --START--
INFO: Run Behavior\ReadHtmlCacheBehavior [ RunTime:0.001090s ]
INFO: [ app_begin ] --END-- [ RunTime:0.001989s ]
NOTIC: [2048] Declaration of Admin\Controller\PositioncontentController::setStatus() should be compatible with Admin\Controller\CommonController::setStatus($data, $models) C:\wamp\www\news\Application\Admin\Controller\PositioncontentController.class.php 第 9 行.
NOTIC: [2048] Declaration of Admin\Controller\PositioncontentController::listorder() should be compatible with Admin\Controller\CommonController::listorder($model = '') C:\wamp\www\news\Application\Admin\Controller\PositioncontentController.class.php 第 9 行.
NOTIC: [2048] Declaration of Common\Model\PositionContentModel::find() should be compatible with Think\Model::find($options = Array) C:\wamp\www\news\Application\Common\Model\PositionContentModel.class.php 第 9 行.
SQL: SHOW COLUMNS FROM `cms_position_content` [ RunTime:0.0075s ]
SQL: UPDATE `cms_position_content` SET `listorder`='4' WHERE ( id=41 ) [ RunTime:0.0003s ]
SQL: UPDATE `cms_position_content` SET `listorder`='5' WHERE ( id=40 ) [ RunTime:0.0002s ]
SQL: UPDATE `cms_position_content` SET `listorder`='2' WHERE ( id=37 ) [ RunTime:0.0002s ]
SQL: UPDATE `cms_position_content` SET `listorder`='0' WHERE ( id=35 ) [ RunTime:0.0002s ]
SQL: UPDATE `cms_position_content` SET `listorder`='0' WHERE ( id=34 ) [ RunTime:0.0002s ]
SQL: UPDATE `cms_position_content` SET `listorder`='0' WHERE ( id=28 ) [ RunTime:0.0002s ]
SQL: UPDATE `cms_position_content` SET `listorder`='0' WHERE ( id=27 ) [ RunTime:0.0002s ]

[ 2017-01-13T13:43:59+08:00 ] 127.0.0.1 /admin.php?c=content&a=listorder
INFO: [ app_begin ] --START--
INFO: Run Behavior\ReadHtmlCacheBehavior [ RunTime:0.000612s ]
INFO: [ app_begin ] --END-- [ RunTime:0.001361s ]
NOTIC: [2048] Declaration of Admin\Controller\ContentController::setStatus() should be compatible with Admin\Controller\CommonController::setStatus($data, $models) C:\wamp\www\news\Application\Admin\Controller\ContentController.class.php 第 9 行.
ERR: Think\Model:updateListorderById方法不存在！

[ 2017-01-13T13:44:06+08:00 ] 127.0.0.1 /admin.php?c=content&a=listorder
INFO: [ app_begin ] --START--
INFO: Run Behavior\ReadHtmlCacheBehavior [ RunTime:0.000637s ]
INFO: [ app_begin ] --END-- [ RunTime:0.001374s ]
NOTIC: [2048] Declaration of Admin\Controller\ContentController::setStatus() should be compatible with Admin\Controller\CommonController::setStatus($data, $models) C:\wamp\www\news\Application\Admin\Controller\ContentController.class.php 第 9 行.
ERR: Think\Model:updateListorderById方法不存在！

[ 2017-01-13T13:44:07+08:00 ] 127.0.0.1 /admin.php?c=content&a=listorder
INFO: [ app_begin ] --START--
INFO: Run Behavior\ReadHtmlCacheBehavior [ RunTime:0.000601s ]
INFO: [ app_begin ] --END-- [ RunTime:0.001359s ]
NOTIC: [2048] Declaration of Admin\Controller\ContentController::setStatus() should be compatible with Admin\Controller\CommonController::setStatus($data, $models) C:\wamp\www\news\Application\Admin\Controller\ContentController.class.php 第 9 行.
ERR: Think\Model:updateListorderById方法不存在！

[ 2017-01-13T13:44:38+08:00 ] 127.0.0.1 /admin.php?c=content&a=listorder
INFO: [ app_begin ] --START--
INFO: Run Behavior\ReadHtmlCacheBehavior [ RunTime:0.000741s ]
INFO: [ app_begin ] --END-- [ RunTime:0.001523s ]
NOTIC: [2048] Declaration of Admin\Controller\ContentController::setStatus() should be compatible with Admin\Controller\CommonController::setStatus($data, $models) C:\wamp\www\news\Application\Admin\Controller\ContentController.class.php 第 9 行.
NOTIC: [2048] Declaration of Admin\Controller\ContentController::listorder() should be compatible with Admin\Controller\CommonController::listorder($model = '') C:\wamp\www\news\Application\Admin\Controller\ContentController.class.php 第 9 行.
ERR: 1146:Table 'news.cms_content' doesn't exist
 [ SQL语句 ] : SHOW COLUMNS FROM `cms_content`
ERR: 1146:Table 'news.cms_content' doesn't exist
 [ SQL语句 ] : SHOW COLUMNS FROM `cms_content`

[ 2017-01-13T13:44:40+08:00 ] 127.0.0.1 /admin.php?c=content&a=listorder
INFO: [ app_begin ] --START--
INFO: Run Behavior\ReadHtmlCacheBehavior [ RunTime:0.000643s ]
INFO: [ app_begin ] --END-- [ RunTime:0.001441s ]
NOTIC: [2048] Declaration of Admin\Controller\ContentController::setStatus() should be compatible with Admin\Controller\CommonController::setStatus($data, $models) C:\wamp\www\news\Application\Admin\Controller\ContentController.class.php 第 9 行.
NOTIC: [2048] Declaration of Admin\Controller\ContentController::listorder() should be compatible with Admin\Controller\CommonController::listorder($model = '') C:\wamp\www\news\Application\Admin\Controller\ContentController.class.php 第 9 行.
ERR: 1146:Table 'news.cms_content' doesn't exist
 [ SQL语句 ] : SHOW COLUMNS FROM `cms_content`
ERR: 1146:Table 'news.cms_content' doesn't exist
 [ SQL语句 ] : SHOW COLUMNS FROM `cms_content`

[ 2017-01-13T13:44:43+08:00 ] 127.0.0.1 /admin.php?c=content&a=listorder
INFO: [ app_begin ] --START--
INFO: Run Behavior\ReadHtmlCacheBehavior [ RunTime:0.000586s ]
INFO: [ app_begin ] --END-- [ RunTime:0.001293s ]
NOTIC: [2048] Declaration of Admin\Controller\ContentController::setStatus() should be compatible with Admin\Controller\CommonController::setStatus($data, $models) C:\wamp\www\news\Application\Admin\Controller\ContentController.class.php 第 9 行.
NOTIC: [2048] Declaration of Admin\Controller\ContentController::listorder() should be compatible with Admin\Controller\CommonController::listorder($model = '') C:\wamp\www\news\Application\Admin\Controller\ContentController.class.php 第 9 行.
ERR: 1146:Table 'news.cms_content' doesn't exist
 [ SQL语句 ] : SHOW COLUMNS FROM `cms_content`
ERR: 1146:Table 'news.cms_content' doesn't exist
 [ SQL语句 ] : SHOW COLUMNS FROM `cms_content`

[ 2017-01-13T13:44:57+08:00 ] 127.0.0.1 /admin.php?c=content&a=listorder
INFO: [ app_begin ] --START--
INFO: Run Behavior\ReadHtmlCacheBehavior [ RunTime:0.000605s ]
INFO: [ app_begin ] --END-- [ RunTime:0.001304s ]
NOTIC: [2048] Declaration of Admin\Controller\ContentController::setStatus() should be compatible with Admin\Controller\CommonController::setStatus($data, $models) C:\wamp\www\news\Application\Admin\Controller\ContentController.class.php 第 9 行.
NOTIC: [2048] Declaration of Admin\Controller\ContentController::listorder() should be compatible with Admin\Controller\CommonController::listorder($model = '') C:\wamp\www\news\Application\Admin\Controller\ContentController.class.php 第 9 行.
ERR: 1146:Table 'news.cms_content' doesn't exist
 [ SQL语句 ] : SHOW COLUMNS FROM `cms_content`
ERR: 1146:Table 'news.cms_content' doesn't exist
 [ SQL语句 ] : SHOW COLUMNS FROM `cms_content`

[ 2017-01-13T13:44:57+08:00 ] 127.0.0.1 /admin.php?c=content&a=listorder
INFO: [ app_begin ] --START--
INFO: Run Behavior\ReadHtmlCacheBehavior [ RunTime:0.000577s ]
INFO: [ app_begin ] --END-- [ RunTime:0.001273s ]
NOTIC: [2048] Declaration of Admin\Controller\ContentController::setStatus() should be compatible with Admin\Controller\CommonController::setStatus($data, $models) C:\wamp\www\news\Application\Admin\Controller\ContentController.class.php 第 9 行.
NOTIC: [2048] Declaration of Admin\Controller\ContentController::listorder() should be compatible with Admin\Controller\CommonController::listorder($model = '') C:\wamp\www\news\Application\Admin\Controller\ContentController.class.php 第 9 行.
ERR: 1146:Table 'news.cms_content' doesn't exist
 [ SQL语句 ] : SHOW COLUMNS FROM `cms_content`
ERR: 1146:Table 'news.cms_content' doesn't exist
 [ SQL语句 ] : SHOW COLUMNS FROM `cms_content`

[ 2017-01-13T13:44:57+08:00 ] 127.0.0.1 /admin.php?c=content&a=listorder
INFO: [ app_begin ] --START--
INFO: Run Behavior\ReadHtmlCacheBehavior [ RunTime:0.000675s ]
INFO: [ app_begin ] --END-- [ RunTime:0.001377s ]
NOTIC: [2048] Declaration of Admin\Controller\ContentController::setStatus() should be compatible with Admin\Controller\CommonController::setStatus($data, $models) C:\wamp\www\news\Application\Admin\Controller\ContentController.class.php 第 9 行.
NOTIC: [2048] Declaration of Admin\Controller\ContentController::listorder() should be compatible with Admin\Controller\CommonController::listorder($model = '') C:\wamp\www\news\Application\Admin\Controller\ContentController.class.php 第 9 行.
ERR: 1146:Table 'news.cms_content' doesn't exist
 [ SQL语句 ] : SHOW COLUMNS FROM `cms_content`
ERR: 1146:Table 'news.cms_content' doesn't exist
 [ SQL语句 ] : SHOW COLUMNS FROM `cms_content`

[ 2017-01-13T13:44:57+08:00 ] 127.0.0.1 /admin.php?c=content&a=listorder
INFO: [ app_begin ] --START--
INFO: Run Behavior\ReadHtmlCacheBehavior [ RunTime:0.000599s ]
INFO: [ app_begin ] --END-- [ RunTime:0.001301s ]
NOTIC: [2048] Declaration of Admin\Controller\ContentController::setStatus() should be compatible with Admin\Controller\CommonController::setStatus($data, $models) C:\wamp\www\news\Application\Admin\Controller\ContentController.class.php 第 9 行.
NOTIC: [2048] Declaration of Admin\Controller\ContentController::listorder() should be compatible with Admin\Controller\CommonController::listorder($model = '') C:\wamp\www\news\Application\Admin\Controller\ContentController.class.php 第 9 行.
ERR: 1146:Table 'news.cms_content' doesn't exist
 [ SQL语句 ] : SHOW COLUMNS FROM `cms_content`
ERR: 1146:Table 'news.cms_content' doesn't exist
 [ SQL语句 ] : SHOW COLUMNS FROM `cms_content`

[ 2017-01-13T13:44:57+08:00 ] 127.0.0.1 /admin.php?c=content&a=listorder
INFO: [ app_begin ] --START--
INFO: Run Behavior\ReadHtmlCacheBehavior [ RunTime:0.000596s ]
INFO: [ app_begin ] --END-- [ RunTime:0.001306s ]
NOTIC: [2048] Declaration of Admin\Controller\ContentController::setStatus() should be compatible with Admin\Controller\CommonController::setStatus($data, $models) C:\wamp\www\news\Application\Admin\Controller\ContentController.class.php 第 9 行.
NOTIC: [2048] Declaration of Admin\Controller\ContentController::listorder() should be compatible with Admin\Controller\CommonController::listorder($model = '') C:\wamp\www\news\Application\Admin\Controller\ContentController.class.php 第 9 行.
ERR: 1146:Table 'news.cms_content' doesn't exist
 [ SQL语句 ] : SHOW COLUMNS FROM `cms_content`
ERR: 1146:Table 'news.cms_content' doesn't exist
 [ SQL语句 ] : SHOW COLUMNS FROM `cms_content`

[ 2017-01-13T13:45:02+08:00 ] 127.0.0.1 /admin.php?c=menu&a=listorder
INFO: [ app_begin ] --START--
INFO: Run Behavior\ReadHtmlCacheBehavior [ RunTime:0.000587s ]
INFO: [ app_begin ] --END-- [ RunTime:0.001272s ]
NOTIC: [2048] Declaration of Admin\Controller\MenuController::setStatus() should be compatible with Admin\Controller\CommonController::setStatus($data, $models) C:\wamp\www\news\Application\Admin\Controller\MenuController.class.php 第 8 行.
NOTIC: [2048] Declaration of Admin\Controller\MenuController::listorder() should be compatible with Admin\Controller\CommonController::listorder($model = '') C:\wamp\www\news\Application\Admin\Controller\MenuController.class.php 第 8 行.
NOTIC: [2048] Declaration of Common\Model\MenuModel::find() should be compatible with Think\Model::find($options = Array) C:\wamp\www\news\Application\Common\Model\MenuModel.class.php 第 5 行.
SQL: SHOW COLUMNS FROM `cms_menu` [ RunTime:0.0006s ]
SQL: UPDATE `cms_menu` SET `listorder`='10' WHERE ( menu_id=1 ) [ RunTime:0.0003s ]
SQL: UPDATE `cms_menu` SET `listorder`='3' WHERE ( menu_id=6 ) [ RunTime:0.0003s ]
SQL: UPDATE `cms_menu` SET `listorder`='5' WHERE ( menu_id=13 ) [ RunTime:0.0003s ]
SQL: UPDATE `cms_menu` SET `listorder`='4' WHERE ( menu_id=9 ) [ RunTime:0.0003s ]
SQL: UPDATE `cms_menu` SET `listorder`='3' WHERE ( menu_id=3 ) [ RunTime:0.0002s ]
SQL: UPDATE `cms_menu` SET `listorder`='1' WHERE ( menu_id=10 ) [ RunTime:0.0005s ]
SQL: UPDATE `cms_menu` SET `listorder`='0' WHERE ( menu_id=12 ) [ RunTime:0.0003s ]
SQL: UPDATE `cms_menu` SET `listorder`='0' WHERE ( menu_id=11 ) [ RunTime:0.0003s ]
SQL: UPDATE `cms_menu` SET `listorder`='0' WHERE ( menu_id=8 ) [ RunTime:0.0003s ]

[ 2017-01-13T13:45:05+08:00 ] 127.0.0.1 /admin.php?c=admin
ERR: 无法加载控制器:Admin

[ 2017-01-13T13:45:23+08:00 ] 127.0.0.1 /admin.php?c=admin
ERR: 无法加载控制器:Admin

[ 2017-01-13T13:45:45+08:00 ] 127.0.0.1 /admin.php?c=menu&a=listorder
INFO: [ app_begin ] --START--
INFO: Run Behavior\ReadHtmlCacheBehavior [ RunTime:0.000591s ]
INFO: [ app_begin ] --END-- [ RunTime:0.001330s ]
NOTIC: [2048] Declaration of Admin\Controller\MenuController::setStatus() should be compatible with Admin\Controller\CommonController::setStatus($data, $models) C:\wamp\www\news\Application\Admin\Controller\MenuController.class.php 第 8 行.
NOTIC: [2048] Declaration of Admin\Controller\MenuController::listorder() should be compatible with Admin\Controller\CommonController::listorder($model = '') C:\wamp\www\news\Application\Admin\Controller\MenuController.class.php 第 8 行.
NOTIC: [2048] Declaration of Common\Model\MenuModel::find() should be compatible with Think\Model::find($options = Array) C:\wamp\www\news\Application\Common\Model\MenuModel.class.php 第 5 行.
SQL: SHOW COLUMNS FROM `cms_menu` [ RunTime:0.0006s ]
SQL: UPDATE `cms_menu` SET `listorder`='10' WHERE ( menu_id=1 ) [ RunTime:0.0003s ]
SQL: UPDATE `cms_menu` SET `listorder`='0' WHERE ( menu_id=13 ) [ RunTime:0.0003s ]
SQL: UPDATE `cms_menu` SET `listorder`='4' WHERE ( menu_id=9 ) [ RunTime:0.0003s ]
SQL: UPDATE `cms_menu` SET `listorder`='3' WHERE ( menu_id=6 ) [ RunTime:0.0003s ]
SQL: UPDATE `cms_menu` SET `listorder`='3' WHERE ( menu_id=3 ) [ RunTime:0.0003s ]
SQL: UPDATE `cms_menu` SET `listorder`='1' WHERE ( menu_id=10 ) [ RunTime:0.0003s ]
SQL: UPDATE `cms_menu` SET `listorder`='0' WHERE ( menu_id=12 ) [ RunTime:0.0003s ]
SQL: UPDATE `cms_menu` SET `listorder`='0' WHERE ( menu_id=11 ) [ RunTime:0.0003s ]
SQL: UPDATE `cms_menu` SET `listorder`='0' WHERE ( menu_id=8 ) [ RunTime:0.0004s ]

[ 2017-01-13T13:45:55+08:00 ] 127.0.0.1 /admin.php?c=content&a=listorder
INFO: [ app_begin ] --START--
INFO: Run Behavior\ReadHtmlCacheBehavior [ RunTime:0.000605s ]
INFO: [ app_begin ] --END-- [ RunTime:0.001313s ]
NOTIC: [2048] Declaration of Admin\Controller\ContentController::setStatus() should be compatible with Admin\Controller\CommonController::setStatus($data, $models) C:\wamp\www\news\Application\Admin\Controller\ContentController.class.php 第 9 行.
NOTIC: [2048] Declaration of Admin\Controller\ContentController::listorder() should be compatible with Admin\Controller\CommonController::listorder($model = '') C:\wamp\www\news\Application\Admin\Controller\ContentController.class.php 第 9 行.
ERR: 1146:Table 'news.cms_content' doesn't exist
 [ SQL语句 ] : SHOW COLUMNS FROM `cms_content`
ERR: 1146:Table 'news.cms_content' doesn't exist
 [ SQL语句 ] : SHOW COLUMNS FROM `cms_content`

[ 2017-01-13T13:45:56+08:00 ] 127.0.0.1 /admin.php?c=content&a=listorder
INFO: [ app_begin ] --START--
INFO: Run Behavior\ReadHtmlCacheBehavior [ RunTime:0.000650s ]
INFO: [ app_begin ] --END-- [ RunTime:0.001357s ]
NOTIC: [2048] Declaration of Admin\Controller\ContentController::setStatus() should be compatible with Admin\Controller\CommonController::setStatus($data, $models) C:\wamp\www\news\Application\Admin\Controller\ContentController.class.php 第 9 行.
NOTIC: [2048] Declaration of Admin\Controller\ContentController::listorder() should be compatible with Admin\Controller\CommonController::listorder($model = '') C:\wamp\www\news\Application\Admin\Controller\ContentController.class.php 第 9 行.
ERR: 1146:Table 'news.cms_content' doesn't exist
 [ SQL语句 ] : SHOW COLUMNS FROM `cms_content`
ERR: 1146:Table 'news.cms_content' doesn't exist
 [ SQL语句 ] : SHOW COLUMNS FROM `cms_content`

[ 2017-01-13T13:46:52+08:00 ] 127.0.0.1 /admin.php?c=content&a=listorder
INFO: [ app_begin ] --START--
INFO: Run Behavior\ReadHtmlCacheBehavior [ RunTime:0.000576s ]
INFO: [ app_begin ] --END-- [ RunTime:0.001280s ]
NOTIC: [2048] Declaration of Admin\Controller\ContentController::setStatus() should be compatible with Admin\Controller\CommonController::setStatus($data, $models) C:\wamp\www\news\Application\Admin\Controller\ContentController.class.php 第 9 行.
NOTIC: [2048] Declaration of Admin\Controller\ContentController::listorder() should be compatible with Admin\Controller\CommonController::listorder($model = '') C:\wamp\www\news\Application\Admin\Controller\ContentController.class.php 第 9 行.
ERR: 1146:Table 'news.cms_content' doesn't exist
 [ SQL语句 ] : SHOW COLUMNS FROM `cms_content`
ERR: 1146:Table 'news.cms_content' doesn't exist
 [ SQL语句 ] : SHOW COLUMNS FROM `cms_content`

[ 2017-01-13T13:47:00+08:00 ] 127.0.0.1 /admin.php?c=content&a=listorder
INFO: [ app_begin ] --START--
INFO: Run Behavior\ReadHtmlCacheBehavior [ RunTime:0.000620s ]
INFO: [ app_begin ] --END-- [ RunTime:0.001425s ]
NOTIC: [2048] Declaration of Admin\Controller\ContentController::setStatus() should be compatible with Admin\Controller\CommonController::setStatus($data, $models) C:\wamp\www\news\Application\Admin\Controller\ContentController.class.php 第 9 行.
NOTIC: [2048] Declaration of Admin\Controller\ContentController::listorder() should be compatible with Admin\Controller\CommonController::listorder($model = '') C:\wamp\www\news\Application\Admin\Controller\ContentController.class.php 第 9 行.
ERR: 1146:Table 'news.cms_content' doesn't exist
 [ SQL语句 ] : SHOW COLUMNS FROM `cms_content`
ERR: 1146:Table 'news.cms_content' doesn't exist
 [ SQL语句 ] : SHOW COLUMNS FROM `cms_content`

[ 2017-01-13T13:48:49+08:00 ] 127.0.0.1 /admin.php?c=content&a=listorder
INFO: [ app_begin ] --START--
INFO: Run Behavior\ReadHtmlCacheBehavior [ RunTime:0.000727s ]
INFO: [ app_begin ] --END-- [ RunTime:0.001662s ]
NOTIC: [2048] Declaration of Admin\Controller\ContentController::setStatus() should be compatible with Admin\Controller\CommonController::setStatus($data, $models) C:\wamp\www\news\Application\Admin\Controller\ContentController.class.php 第 9 行.
NOTIC: [2048] Declaration of Admin\Controller\ContentController::listorder() should be compatible with Admin\Controller\CommonController::listorder($model = '') C:\wamp\www\news\Application\Admin\Controller\ContentController.class.php 第 9 行.
NOTIC: [2048] Declaration of Common\Model\NewsModel::find() should be compatible with Think\Model::find($options = Array) C:\wamp\www\news\Application\Common\Model\NewsModel.class.php 第 8 行.
SQL: SHOW COLUMNS FROM `cms_news` [ RunTime:0.0011s ]
SQL: UPDATE `cms_news` SET `listorder`='12' WHERE ( news_id=30 ) [ RunTime:0.0004s ]
SQL: UPDATE `cms_news` SET `listorder`='10' WHERE ( news_id=23 ) [ RunTime:0.0003s ]
SQL: UPDATE `cms_news` SET `listorder`='2' WHERE ( news_id=21 ) [ RunTime:0.0003s ]
SQL: UPDATE `cms_news` SET `listorder`='1' WHERE ( news_id=24 ) [ RunTime:0.0003s ]
SQL: UPDATE `cms_news` SET `listorder`='0' WHERE ( news_id=34 ) [ RunTime:0.0008s ]
SQL: UPDATE `cms_news` SET `listorder`='0' WHERE ( news_id=32 ) [ RunTime:0.0008s ]
SQL: UPDATE `cms_news` SET `listorder`='0' WHERE ( news_id=31 ) [ RunTime:0.0004s ]
SQL: UPDATE `cms_news` SET `listorder`='0' WHERE ( news_id=29 ) [ RunTime:0.0003s ]
SQL: UPDATE `cms_news` SET `listorder`='0' WHERE ( news_id=28 ) [ RunTime:0.0003s ]
SQL: UPDATE `cms_news` SET `listorder`='0' WHERE ( news_id=27 ) [ RunTime:0.0003s ]

[ 2017-01-13T13:48:54+08:00 ] 127.0.0.1 /admin.php?c=content&a=listorder
INFO: [ app_begin ] --START--
INFO: Run Behavior\ReadHtmlCacheBehavior [ RunTime:0.000771s ]
INFO: [ app_begin ] --END-- [ RunTime:0.001625s ]
NOTIC: [2048] Declaration of Admin\Controller\ContentController::setStatus() should be compatible with Admin\Controller\CommonController::setStatus($data, $models) C:\wamp\www\news\Application\Admin\Controller\ContentController.class.php 第 9 行.
NOTIC: [2048] Declaration of Admin\Controller\ContentController::listorder() should be compatible with Admin\Controller\CommonController::listorder($model = '') C:\wamp\www\news\Application\Admin\Controller\ContentController.class.php 第 9 行.
NOTIC: [2048] Declaration of Common\Model\NewsModel::find() should be compatible with Think\Model::find($options = Array) C:\wamp\www\news\Application\Common\Model\NewsModel.class.php 第 8 行.
SQL: SHOW COLUMNS FROM `cms_news` [ RunTime:0.0019s ]
SQL: UPDATE `cms_news` SET `listorder`='12' WHERE ( news_id=30 ) [ RunTime:0.0003s ]
SQL: UPDATE `cms_news` SET `listorder`='10' WHERE ( news_id=23 ) [ RunTime:0.0003s ]
SQL: UPDATE `cms_news` SET `listorder`='2' WHERE ( news_id=21 ) [ RunTime:0.0003s ]
SQL: UPDATE `cms_news` SET `listorder`='3' WHERE ( news_id=24 ) [ RunTime:0.0006s ]
SQL: UPDATE `cms_news` SET `listorder`='0' WHERE ( news_id=34 ) [ RunTime:0.0011s ]
SQL: UPDATE `cms_news` SET `listorder`='0' WHERE ( news_id=32 ) [ RunTime:0.0003s ]
SQL: UPDATE `cms_news` SET `listorder`='0' WHERE ( news_id=31 ) [ RunTime:0.0003s ]
SQL: UPDATE `cms_news` SET `listorder`='0' WHERE ( news_id=29 ) [ RunTime:0.0003s ]
SQL: UPDATE `cms_news` SET `listorder`='0' WHERE ( news_id=28 ) [ RunTime:0.0003s ]
SQL: UPDATE `cms_news` SET `listorder`='0' WHERE ( news_id=27 ) [ RunTime:0.0003s ]

[ 2017-01-13T15:18:26+08:00 ] 127.0.0.1 /admin.php?c=menu&a=add
INFO: [ app_begin ] --START--
INFO: Run Behavior\ReadHtmlCacheBehavior [ RunTime:0.000625s ]
INFO: [ app_begin ] --END-- [ RunTime:0.001384s ]
NOTIC: [2048] Declaration of Admin\Controller\MenuController::setStatus() should be compatible with Admin\Controller\CommonController::setStatus($data, $models) C:\wamp\www\news\Application\Admin\Controller\MenuController.class.php 第 8 行.
NOTIC: [2048] Declaration of Admin\Controller\MenuController::listorder() should be compatible with Admin\Controller\CommonController::listorder($model = '') C:\wamp\www\news\Application\Admin\Controller\MenuController.class.php 第 8 行.
NOTIC: [8] Undefined index: menu_id C:\wamp\www\news\Application\Admin\Controller\MenuController.class.php 第 23 行.
NOTIC: [2048] Declaration of Common\Model\MenuModel::find() should be compatible with Think\Model::find($options = Array) C:\wamp\www\news\Application\Common\Model\MenuModel.class.php 第 5 行.
SQL: SHOW COLUMNS FROM `cms_menu` [ RunTime:0.0007s ]

[ 2017-01-13T15:18:45+08:00 ] 127.0.0.1 /admin.php?c=menu&a=add
INFO: [ app_begin ] --START--
INFO: Run Behavior\ReadHtmlCacheBehavior [ RunTime:0.000562s ]
INFO: [ app_begin ] --END-- [ RunTime:0.001249s ]
NOTIC: [2048] Declaration of Admin\Controller\MenuController::setStatus() should be compatible with Admin\Controller\CommonController::setStatus($data, $models) C:\wamp\www\news\Application\Admin\Controller\MenuController.class.php 第 8 行.
NOTIC: [2048] Declaration of Admin\Controller\MenuController::listorder() should be compatible with Admin\Controller\CommonController::listorder($model = '') C:\wamp\www\news\Application\Admin\Controller\MenuController.class.php 第 8 行.
NOTIC: [8] Undefined index: menu_id C:\wamp\www\news\Application\Admin\Controller\MenuController.class.php 第 23 行.
NOTIC: [2048] Declaration of Common\Model\MenuModel::find() should be compatible with Think\Model::find($options = Array) C:\wamp\www\news\Application\Common\Model\MenuModel.class.php 第 5 行.
SQL: SHOW COLUMNS FROM `cms_menu` [ RunTime:0.0006s ]

[ 2017-01-13T15:21:40+08:00 ] 127.0.0.1 /admin.php?c=menu&a=add
INFO: [ app_begin ] --START--
INFO: Run Behavior\ReadHtmlCacheBehavior [ RunTime:0.000634s ]
INFO: [ app_begin ] --END-- [ RunTime:0.001775s ]
NOTIC: [2048] Declaration of Admin\Controller\MenuController::setStatus() should be compatible with Admin\Controller\CommonController::setStatus($data, $models) C:\wamp\www\news\Application\Admin\Controller\MenuController.class.php 第 8 行.
NOTIC: [2048] Declaration of Admin\Controller\MenuController::listorder() should be compatible with Admin\Controller\CommonController::listorder($model = '') C:\wamp\www\news\Application\Admin\Controller\MenuController.class.php 第 8 行.
NOTIC: [8] Undefined index: menu_id C:\wamp\www\news\Application\Admin\Controller\MenuController.class.php 第 23 行.
NOTIC: [2048] Declaration of Common\Model\MenuModel::find() should be compatible with Think\Model::find($options = Array) C:\wamp\www\news\Application\Common\Model\MenuModel.class.php 第 5 行.
SQL: SHOW COLUMNS FROM `cms_menu` [ RunTime:0.0006s ]

[ 2017-01-13T15:23:11+08:00 ] 127.0.0.1 /admin.php?c=menu&a=add
INFO: [ app_begin ] --START--
INFO: Run Behavior\ReadHtmlCacheBehavior [ RunTime:0.000652s ]
INFO: [ app_begin ] --END-- [ RunTime:0.001473s ]
NOTIC: [2048] Declaration of Admin\Controller\MenuController::setStatus() should be compatible with Admin\Controller\CommonController::setStatus($data, $models) C:\wamp\www\news\Application\Admin\Controller\MenuController.class.php 第 8 行.
NOTIC: [2048] Declaration of Admin\Controller\MenuController::listorder() should be compatible with Admin\Controller\CommonController::listorder($model = '') C:\wamp\www\news\Application\Admin\Controller\MenuController.class.php 第 8 行.
NOTIC: [8] Undefined index: menu_id C:\wamp\www\news\Application\Admin\Controller\MenuController.class.php 第 23 行.
NOTIC: [2048] Declaration of Common\Model\MenuModel::find() should be compatible with Think\Model::find($options = Array) C:\wamp\www\news\Application\Common\Model\MenuModel.class.php 第 5 行.
SQL: SHOW COLUMNS FROM `cms_menu` [ RunTime:0.0006s ]
SQL: INSERT INTO `cms_menu` (`name`,`type`,`m`,`c`,`f`,`status`) VALUES ('11','1','11','11','11','1') [ RunTime:0.0249s ]

[ 2017-01-13T15:23:15+08:00 ] 127.0.0.1 /admin.php?c=menu&a=setStatus
INFO: [ app_begin ] --START--
INFO: Run Behavior\ReadHtmlCacheBehavior [ RunTime:0.000582s ]
INFO: [ app_begin ] --END-- [ RunTime:0.001345s ]
NOTIC: [2048] Declaration of Admin\Controller\MenuController::setStatus() should be compatible with Admin\Controller\CommonController::setStatus($data, $models) C:\wamp\www\news\Application\Admin\Controller\MenuController.class.php 第 8 行.
NOTIC: [2048] Declaration of Admin\Controller\MenuController::listorder() should be compatible with Admin\Controller\CommonController::listorder($model = '') C:\wamp\www\news\Application\Admin\Controller\MenuController.class.php 第 8 行.
NOTIC: [2048] Declaration of Common\Model\MenuModel::find() should be compatible with Think\Model::find($options = Array) C:\wamp\www\news\Application\Common\Model\MenuModel.class.php 第 5 行.
SQL: SHOW COLUMNS FROM `cms_menu` [ RunTime:0.0006s ]
SQL: UPDATE `cms_menu` SET `status`='-1' WHERE ( menu_id=20 ) [ RunTime:0.0004s ]

