[ 2017-01-09T08:20:56+08:00 ] 127.0.0.1 /index.php?m=admin&c=login&a=check
INFO: [ app_begin ] --START--
INFO: Run Behavior\ReadHtmlCacheBehavior [ RunTime:0.001048s ]
INFO: [ app_begin ] --END-- [ RunTime:0.001764s ]
SQL: SHOW COLUMNS FROM `cms_admin` [ RunTime:0.1479s ]
SQL: SELECT * FROM `cms_admin` WHERE ( username="admin" ) LIMIT 1   [ RunTime:0.0257s ]

[ 2017-01-09T08:41:46+08:00 ] 127.0.0.1 /admin.php?c=positioncontent
ERR: 无法加载控制器:Positioncontent

[ 2017-01-09T08:41:51+08:00 ] 127.0.0.1 /admin.php?c=content
ERR: Think\Model:getBarPosition方法不存在！

[ 2017-01-09T08:49:53+08:00 ] 127.0.0.1 /index.php?m=admin&c=login&a=check
INFO: [ app_begin ] --START--
INFO: Run Behavior\ReadHtmlCacheBehavior [ RunTime:0.000577s ]
INFO: [ app_begin ] --END-- [ RunTime:0.001270s ]
SQL: SHOW COLUMNS FROM `cms_admin` [ RunTime:0.0011s ]
SQL: SELECT * FROM `cms_admin` WHERE ( username="admin" ) LIMIT 1   [ RunTime:0.0439s ]

[ 2017-01-09T09:40:14+08:00 ] 127.0.0.1 /admin.php?c=content&a=push
INFO: [ app_begin ] --START--
INFO: Run Behavior\ReadHtmlCacheBehavior [ RunTime:0.000852s ]
INFO: [ app_begin ] --END-- [ RunTime:0.001818s ]

[ 2017-01-09T09:46:29+08:00 ] 127.0.0.1 /admin.php?c=content&a=push
INFO: [ app_begin ] --START--
INFO: Run Behavior\ReadHtmlCacheBehavior [ RunTime:0.000795s ]
INFO: [ app_begin ] --END-- [ RunTime:0.001751s ]
NOTIC: [2048] Declaration of Common\Model\NewsModel::find() should be compatible with Think\Model::find($options = Array) C:\wamp\www\news\Application\Common\Model\NewsModel.class.php 第 8 行.
SQL: SHOW COLUMNS FROM `cms_news` [ RunTime:0.0008s ]
ERR: Think\Model:getNewsByNewsIdIn方法不存在！

[ 2017-01-09T09:47:17+08:00 ] 127.0.0.1 /admin.php?c=content&a=push
INFO: [ app_begin ] --START--
INFO: Run Behavior\ReadHtmlCacheBehavior [ RunTime:0.000575s ]
INFO: [ app_begin ] --END-- [ RunTime:0.001302s ]
NOTIC: [2048] Declaration of Common\Model\NewsContentModel::find() should be compatible with Think\Model::find($options = Array) C:\wamp\www\news\Application\Common\Model\NewsContentModel.class.php 第 8 行.
SQL: SHOW COLUMNS FROM `cms_news_content` [ RunTime:0.1444s ]
SQL: SELECT * FROM `cms_news_content` WHERE `news_id` IN ('29','28')  [ RunTime:0.0007s ]
INFO: [ app_end ] --START--
INFO: Run Behavior\ShowPageTraceBehavior [ RunTime:0.000762s ]
INFO: [ app_end ] --END-- [ RunTime:0.001220s ]

[ 2017-01-09T09:48:41+08:00 ] 127.0.0.1 /admin.php?c=content&a=push
INFO: [ app_begin ] --START--
INFO: Run Behavior\ReadHtmlCacheBehavior [ RunTime:0.001216s ]
INFO: [ app_begin ] --END-- [ RunTime:0.002771s ]
NOTIC: [2048] Declaration of Common\Model\NewsModel::find() should be compatible with Think\Model::find($options = Array) C:\wamp\www\news\Application\Common\Model\NewsModel.class.php 第 8 行.
SQL: SHOW COLUMNS FROM `cms_news` [ RunTime:0.0022s ]
SQL: SELECT * FROM `cms_news` WHERE `news_id` IN ('31','29')  [ RunTime:0.0083s ]
INFO: [ app_end ] --START--
INFO: Run Behavior\ShowPageTraceBehavior [ RunTime:0.001555s ]
INFO: [ app_end ] --END-- [ RunTime:0.002170s ]

[ 2017-01-09T14:43:29+08:00 ] 127.0.0.1 /admin.php?c=content&a=push
INFO: [ app_begin ] --START--
INFO: Run Behavior\ReadHtmlCacheBehavior [ RunTime:0.000816s ]
INFO: [ app_begin ] --END-- [ RunTime:0.001993s ]
NOTIC: [2048] Declaration of Common\Model\NewsModel::find() should be compatible with Think\Model::find($options = Array) C:\wamp\www\news\Application\Common\Model\NewsModel.class.php 第 8 行.
SQL: SHOW COLUMNS FROM `cms_news` [ RunTime:0.0218s ]
SQL: SELECT * FROM `cms_news` WHERE `news_id` IN ('30')  [ RunTime:0.0212s ]
SQL: SHOW COLUMNS FROM `cms_position_content` [ RunTime:0.1217s ]

[ 2017-01-09T14:43:47+08:00 ] 127.0.0.1 /admin.php?c=content&a=push
INFO: [ app_begin ] --START--
INFO: Run Behavior\ReadHtmlCacheBehavior [ RunTime:0.000568s ]
INFO: [ app_begin ] --END-- [ RunTime:0.001259s ]
NOTIC: [2048] Declaration of Common\Model\NewsModel::find() should be compatible with Think\Model::find($options = Array) C:\wamp\www\news\Application\Common\Model\NewsModel.class.php 第 8 行.
SQL: SHOW COLUMNS FROM `cms_news` [ RunTime:0.0007s ]
SQL: SELECT * FROM `cms_news` WHERE `news_id` IN ('30')  [ RunTime:0.0003s ]
SQL: SHOW COLUMNS FROM `cms_position_content` [ RunTime:0.0007s ]

[ 2017-01-09T14:47:16+08:00 ] 127.0.0.1 /admin.php?c=content&a=push
INFO: [ app_begin ] --START--
INFO: Run Behavior\ReadHtmlCacheBehavior [ RunTime:0.000862s ]
INFO: [ app_begin ] --END-- [ RunTime:0.001619s ]
NOTIC: [2048] Declaration of Common\Model\NewsModel::find() should be compatible with Think\Model::find($options = Array) C:\wamp\www\news\Application\Common\Model\NewsModel.class.php 第 8 行.
SQL: SHOW COLUMNS FROM `cms_news` [ RunTime:0.0285s ]
SQL: SELECT * FROM `cms_news` WHERE `news_id` IN ('28')  [ RunTime:0.0003s ]
NOTIC: [2048] Declaration of Common\Model\PositionContentModel::find() should be compatible with Think\Model::find($options = Array) C:\wamp\www\news\Application\Common\Model\PositionContentModel.class.php 第 20 行.
SQL: SHOW COLUMNS FROM `cms_position_content` [ RunTime:0.0007s ]

[ 2017-01-09T14:48:20+08:00 ] 127.0.0.1 /admin.php?c=content&a=push
INFO: [ app_begin ] --START--
INFO: Run Behavior\ReadHtmlCacheBehavior [ RunTime:0.001076s ]
INFO: [ app_begin ] --END-- [ RunTime:0.001913s ]
NOTIC: [2048] Declaration of Common\Model\NewsModel::find() should be compatible with Think\Model::find($options = Array) C:\wamp\www\news\Application\Common\Model\NewsModel.class.php 第 8 行.
SQL: SHOW COLUMNS FROM `cms_news` [ RunTime:0.0007s ]
SQL: SELECT * FROM `cms_news` WHERE `news_id` IN ('29')  [ RunTime:0.0004s ]

[ 2017-01-09T14:49:55+08:00 ] 127.0.0.1 /admin.php?c=content&a=push
INFO: [ app_begin ] --START--
INFO: Run Behavior\ReadHtmlCacheBehavior [ RunTime:0.000695s ]
INFO: [ app_begin ] --END-- [ RunTime:0.001458s ]
NOTIC: [2048] Declaration of Common\Model\NewsModel::find() should be compatible with Think\Model::find($options = Array) C:\wamp\www\news\Application\Common\Model\NewsModel.class.php 第 8 行.
SQL: SHOW COLUMNS FROM `cms_news` [ RunTime:0.0117s ]
SQL: SELECT * FROM `cms_news` WHERE `news_id` IN ('28')  [ RunTime:0.0003s ]

[ 2017-01-09T14:50:41+08:00 ] 127.0.0.1 /admin.php?c=content&a=push
INFO: [ app_begin ] --START--
INFO: Run Behavior\ReadHtmlCacheBehavior [ RunTime:0.000797s ]
INFO: [ app_begin ] --END-- [ RunTime:0.001593s ]
NOTIC: [2048] Declaration of Common\Model\NewsModel::find() should be compatible with Think\Model::find($options = Array) C:\wamp\www\news\Application\Common\Model\NewsModel.class.php 第 8 行.
SQL: SHOW COLUMNS FROM `cms_news` [ RunTime:0.0007s ]
SQL: SELECT * FROM `cms_news` WHERE `news_id` IN ('28')  [ RunTime:0.0004s ]
SQL: SHOW COLUMNS FROM `cms_position_content` [ RunTime:0.0007s ]

[ 2017-01-09T14:51:39+08:00 ] 127.0.0.1 /admin.php?c=content&a=push
INFO: [ app_begin ] --START--
INFO: Run Behavior\ReadHtmlCacheBehavior [ RunTime:0.000707s ]
INFO: [ app_begin ] --END-- [ RunTime:0.001860s ]
NOTIC: [2048] Declaration of Common\Model\NewsModel::find() should be compatible with Think\Model::find($options = Array) C:\wamp\www\news\Application\Common\Model\NewsModel.class.php 第 8 行.
SQL: SHOW COLUMNS FROM `cms_news` [ RunTime:0.0006s ]
SQL: SELECT * FROM `cms_news` WHERE `news_id` IN ('31')  [ RunTime:0.0003s ]
SQL: SHOW COLUMNS FROM `cms_position_content` [ RunTime:0.0006s ]

[ 2017-01-09T14:54:56+08:00 ] 127.0.0.1 /admin.php?c=content&a=push
INFO: [ app_begin ] --START--
INFO: Run Behavior\ReadHtmlCacheBehavior [ RunTime:0.000944s ]
INFO: [ app_begin ] --END-- [ RunTime:0.001811s ]
INFO: [ app_end ] --START--
INFO: Run Behavior\ShowPageTraceBehavior [ RunTime:0.000789s ]
INFO: [ app_end ] --END-- [ RunTime:0.001251s ]

[ 2017-01-09T14:55:03+08:00 ] 127.0.0.1 /admin.php?c=content&a=push
INFO: [ app_begin ] --START--
INFO: Run Behavior\ReadHtmlCacheBehavior [ RunTime:0.000670s ]
INFO: [ app_begin ] --END-- [ RunTime:0.001423s ]
INFO: [ app_end ] --START--
INFO: Run Behavior\ShowPageTraceBehavior [ RunTime:0.001019s ]
INFO: [ app_end ] --END-- [ RunTime:0.001642s ]

[ 2017-01-09T14:55:15+08:00 ] 127.0.0.1 /admin.php?c=content&a=push
INFO: [ app_begin ] --START--
INFO: Run Behavior\ReadHtmlCacheBehavior [ RunTime:0.000633s ]
INFO: [ app_begin ] --END-- [ RunTime:0.001434s ]
INFO: [ app_end ] --START--
INFO: Run Behavior\ShowPageTraceBehavior [ RunTime:0.001386s ]
INFO: [ app_end ] --END-- [ RunTime:0.001895s ]

